149 train iters per epoch:
output = [313 279  32  67 173 381  63 497 209 301  55 105 250 116  82 230]  lable = [159 292 495 127 468  27 245 368 403 287 384 425  88 224 394 333]

Fri Feb 11 16:38:56 2022 train epoch 0 iter 0 28.1036573900553 iters/s loss 21.71559715270996 acc 0.0
output = [180 260 139  51  14 210 398 489 266 214 338 434  17 266  81  17]  lable = [314 457 268 238  55 228 436 157  40 336  44 240 199 293 299 453]

Fri Feb 11 16:38:57 2022 train epoch 0 iter 16 10.931286797613026 iters/s loss 22.022275924682617 acc 0.0
output = [249 129 105  96  38 327 427  49  34  52 222 249 217 312 342  49]  lable = [156 141 484  51  33 199 196 451 235 332 108 204 205 201 359 422]

Fri Feb 11 16:38:59 2022 train epoch 0 iter 32 11.129777626230831 iters/s loss 22.404659271240234 acc 0.0
output = [424 446 488 131  89  93 424 312 312 424 488 446  93 446 488  93]  lable = [245  63 189 245 263 289 378 329  99  90 165 441 133 450  79 271]

Fri Feb 11 16:39:00 2022 train epoch 0 iter 48 11.418051000470273 iters/s loss 22.001445770263672 acc 0.0
output = [ 85 360  39 241 181 297 297 216 297 366 216 320 134 200 483 366]  lable = [437 456 287 288 257 350 383 348 254 345 140 215 132 162  85 204]

Fri Feb 11 16:39:02 2022 train epoch 0 iter 64 10.254111607756096 iters/s loss 21.34664535522461 acc 0.0
output = [372  86  70 272  86  40  30  30  70 162  30  51  86  30 448 443]  lable = [208 449 375 282 163 208 479 400 411 342 143 456 114  66 326 400]

Fri Feb 11 16:39:03 2022 train epoch 0 iter 80 10.77285662916731 iters/s loss 21.506439208984375 acc 0.0
output = [458 150 267 357  38 357  43 267 267 357 267  43  56 124 293  64]  lable = [290 410 324   7 442 387  54 155 105  39 465  81 306 383 249  60]

Fri Feb 11 16:39:05 2022 train epoch 0 iter 96 10.61276326969732 iters/s loss 21.19110870361328 acc 0.0
output = [413 450 491 216  54 439  87 482 162  87 413   2 334 141 272 110]  lable = [106 156 291 412 376 151 265 381 455 480 433  10 495 469 282 295]

Fri Feb 11 16:39:06 2022 train epoch 0 iter 112 10.336534360586501 iters/s loss 21.496450424194336 acc 0.0
output = [433 328  56 450 398 402 180 125  18  69  43 450 112  28 153 349]  lable = [ 54 118 492 240 463  89 347 361 317 423  36 321  58  37 453 369]

Fri Feb 11 16:39:08 2022 train epoch 0 iter 128 11.369939816742813 iters/s loss 20.456708908081055 acc 0.0
output = [328 359  67  21 484 484 484 482  16  77 328  21  16 359 252 239]  lable = [247 248  15  40  96 283  61 485  52 378 166 498  12 300 173  87]

Fri Feb 11 16:39:09 2022 train epoch 0 iter 144 9.94984871110879 iters/s loss 20.951900482177734 acc 0.0
(7701, 1024)
total time is 154.65342235565186, average time is 0.6017642893216025
lfw face verification accuracy:  0.5905 threshold:  0.32621384
output = [ 36  35 157 346 252 179 360  36  90 390 410  73  51 432 273 273]  lable = [ 12  27 444 277 136 384 157  22 125 316 250  83   4  13 290 227]

Fri Feb 11 16:41:49 2022 train epoch 1 iter 11 0.09994155769713889 iters/s loss 20.774681091308594 acc 0.0
output = [377 345 139 240 470 173 393 234  61 266 288 256 233 256 334  19]  lable = [413 174 193 359  77 219 299 375 275 144 232 154 189 206 191  24]

Fri Feb 11 16:41:51 2022 train epoch 1 iter 27 13.468513930745258 iters/s loss 20.845569610595703 acc 0.0
output = [267 204 194   5 246 445 124  43 449 321 223 368 498 495 215 239]  lable = [162 156 410 365 298 374 351 483 260 412 295 138  85 489 222  84]

Fri Feb 11 16:41:52 2022 train epoch 1 iter 43 12.985433661035165 iters/s loss 20.722431182861328 acc 0.0
output = [208 394 208 248  83 208 134 477 321 208 371 248 100  77 100  68]  lable = [241 305 391 236  54 118 119 432 330 247 495 385 126  78 407  26]

Fri Feb 11 16:41:53 2022 train epoch 1 iter 59 13.031738091613253 iters/s loss 20.811481475830078 acc 0.0
output = [465 354 155 269  31 158  26   1 166  12  19 379 256 480 247 290]  lable = [ 78 337 429 204  18 156  67 478 246  10  61 306 393  88 325 424]

Fri Feb 11 16:41:54 2022 train epoch 1 iter 75 12.132311870956732 iters/s loss 19.897388458251953 acc 0.0
output = [436 144  85 224 133 142  85 397 336 498  48  44 270 228 245 402]  lable = [ 76 315 272 359 303 486  31 462 409 130  16 171 417 408 188 128]

Fri Feb 11 16:41:55 2022 train epoch 1 iter 91 14.138441938813282 iters/s loss 20.023136138916016 acc 0.0
output = [378 340 264 388 418 120 340 287 340 439 106  38 112 492 340  37]  lable = [ 95 210 431 484  26 474  51 475 220 470  80  42  94 345 123 457]

Fri Feb 11 16:41:57 2022 train epoch 1 iter 107 12.55479866708473 iters/s loss 17.83945655822754 acc 0.0
output = [210 141 428  49   6 453 210 261 451 455  23 150  21 470 431 485]  lable = [268 117 456   5 386 409 279 220 443 426  45 306 170 241 389 122]

Fri Feb 11 16:41:58 2022 train epoch 1 iter 123 11.979133000258651 iters/s loss 19.150760650634766 acc 0.0
output = [399 164 246 261 366  97 426 310   0 335 384 387 413  43 493 394]  lable = [ 55 348 326 323 182  59  38 295 441 214 274  95 163 491 393 160]

Fri Feb 11 16:41:59 2022 train epoch 1 iter 139 12.699097631618885 iters/s loss 18.70839500427246 acc 0.0
(7701, 1024)
total time is 19.374754905700684, average time is 0.07538815138404935
lfw face verification accuracy:  0.6248333333333334 threshold:  0.63163316
output = [195  67  74 151  93  60 428  14 159 151   9 132  52 354 236 126]  lable = [357  34 109  70 191  48  88 169 283 461  12 357  65 214 327 153]

Fri Feb 11 16:42:20 2022 train epoch 2 iter 6 0.7650374149072418 iters/s loss 18.8664493560791 acc 0.0
output = [467 213   0  20 234 162 476  32 404 173 469 101 311 101 347 203]  lable = [ 25 313 132   6 328 365 256   3 115 211 222 235 218 283 355 259]

Fri Feb 11 16:42:21 2022 train epoch 2 iter 22 18.0779420052174 iters/s loss 19.568750381469727 acc 0.0
output = [115  50 148 214  57 187  87  12 233 258 331 101 443 290 148 164]  lable = [103 364  88 143  10 135 492  14  48 405 393 315 392 448 217  55]

Fri Feb 11 16:42:22 2022 train epoch 2 iter 38 19.628994894210475 iters/s loss 16.221284866333008 acc 0.0
output = [ 94 286 270  56 363 483 342  48  66  94 424   1  21 295 256 414]  lable = [124  39 317 122 233 163 374 111  38  58 172 491 429 223 439 215]

Fri Feb 11 16:42:23 2022 train epoch 2 iter 54 18.53174101073843 iters/s loss 16.27985382080078 acc 0.0
output = [479 416 377 210 123 206 187 370  50 167  34 200 249  74  95 218]  lable = [  1 360 265 105 151  86 131  92 372 338  69 130 110 164  91 112]

Fri Feb 11 16:42:24 2022 train epoch 2 iter 70 17.576254499882797 iters/s loss 17.832931518554688 acc 0.0
output = [442 206 205 246 300 214  91 204  64 307 320   4 428 368 427 315]  lable = [443 210 148 298 309   0 396 457  15 421 293 480 252 230 433 240]

Fri Feb 11 16:42:25 2022 train epoch 2 iter 86 17.664671427864484 iters/s loss 17.265522003173828 acc 0.0
output = [445  36 135 255 261  16 242  82  57  98 294  71 141 121 454 454]  lable = [166  31 147 184 184  25 117 183 126  17 359 165 420 285 488 393]

Fri Feb 11 16:42:26 2022 train epoch 2 iter 102 17.862239900517004 iters/s loss 18.46086883544922 acc 0.0
output = [ 59 395  41 363 412 191 193 452 474 440 258  21 339 344  37 241]  lable = [162  55  33 348 200 417 242 422 161 332 445 399  51 239 493 374]

Fri Feb 11 16:42:26 2022 train epoch 2 iter 118 16.535895278282563 iters/s loss 17.193077087402344 acc 0.0
output = [254 495 303 303  29 288 424 358  64  91 207 341  85 259 303 104]  lable = [201 399 342 364  74 325 250 368 302 493 233 299  26 417 161 325]

Fri Feb 11 16:42:27 2022 train epoch 2 iter 134 18.20492840792751 iters/s loss 18.000682830810547 acc 0.0
(7701, 1024)
total time is 18.53626251220703, average time is 0.07212553506695343
lfw face verification accuracy:  0.6555 threshold:  0.5484564
output = [394 376 325 287 316   8 136 112 428 103 361 180 493 308 288 112]  lable = [312  66 258 416 264   1 189 294 381 155 149 310 203 317 235 139]

Fri Feb 11 16:42:47 2022 train epoch 3 iter 1 0.8105653320858798 iters/s loss 16.093473434448242 acc 0.0
output = [156 156 364 455 252   8 149  82 338 140 453 168 303  22  90  24]  lable = [169 211 171 250 254  53 432 423 358 410 462  54 130 316 444  15]

Fri Feb 11 16:42:48 2022 train epoch 3 iter 17 17.45063150720517 iters/s loss 16.070388793945312 acc 0.0
output = [337 381 287 381  43 434 436  69 338 295 112 390  21 201  92 126]  lable = [183 123 211 432 484 196  76 493 443 351 124 175  69 455 490  27]

Fri Feb 11 16:42:49 2022 train epoch 3 iter 33 17.971811281807376 iters/s loss 13.36929702758789 acc 0.0
output = [175 198 486 182 393  83 308 446 383 301  25  34 248 264 365 329]  lable = [ 49 199  97 222  74 174 462 382 474 268  44  72 332 142 389 105]

Fri Feb 11 16:42:50 2022 train epoch 3 iter 49 19.180871736931508 iters/s loss 15.96980094909668 acc 0.0
output = [ 44  75 170  39 292 371 453 432 475 328 249 421 486  41 315 124]  lable = [368 308 380  39 266 168  82 343 469 284 152 412 458  20 283 130]

Fri Feb 11 16:42:51 2022 train epoch 3 iter 65 17.269989237920196 iters/s loss 14.599875450134277 acc 0.0625
output = [436 288 267 208 434 452  83 213 124 368  84 307 326 380 375 399]  lable = [ 76 151 397 376 176 448  54 410 281 232 206 259 139 126 340 492]

Fri Feb 11 16:42:52 2022 train epoch 3 iter 81 18.93168426572963 iters/s loss 14.793594360351562 acc 0.0
output = [394 331  77 276 467  30 134  47 110 437 433 422 232 319 467 415]  lable = [175 332  95 296 207  39 370 347  72 388 383 350 446 275 189 203]

Fri Feb 11 16:42:52 2022 train epoch 3 iter 97 17.848059406240782 iters/s loss 14.288139343261719 acc 0.0
output = [ 74 492 170 315 407 470 168  42 209 356 239 445  25 452 304 218]  lable = [431 379 263 342 146 225 196  14 262 109 196 451  64 384 261 275]

Fri Feb 11 16:42:53 2022 train epoch 3 iter 113 17.947731128755155 iters/s loss 13.800553321838379 acc 0.0
output = [322 164 211 377  42 224 292 216 497 126 349 366 165  44 418 109]  lable = [276 140 403 286  53 427 340 305  21 307 270 367 413  58 272 451]

Fri Feb 11 16:42:54 2022 train epoch 3 iter 129 17.525946334858055 iters/s loss 13.321065902709961 acc 0.0
output = [450 285 280  54 390 330 406 181  31 385 492 389 103 156  64 322]  lable = [478 223  88  87 387 427 345 456 491 399 345 391 154 143 496 142]

Fri Feb 11 16:42:55 2022 train epoch 3 iter 145 17.874462205566452 iters/s loss 13.256735801696777 acc 0.0
(7701, 1024)
total time is 18.93084192276001, average time is 0.07366086351268486
lfw face verification accuracy:  0.6931666666666667 threshold:  0.5346653
output = [333 482 393 207 203 131  18 258 220  10 457 369 315 315  29 236]  lable = [125 455 493 225 424  72 232 171 226 301 204 141 364 281 290 464]

Fri Feb 11 16:43:15 2022 train epoch 4 iter 12 0.7929794360562332 iters/s loss 11.429781913757324 acc 0.0
output = [248 420 154 217 287 302  97 450 395 427 335 331 311 364 207 355]  lable = [377  83 199  71 243 188  30 379  40 224 313 332 421 383 338 347]

Fri Feb 11 16:43:16 2022 train epoch 4 iter 28 17.64746546444834 iters/s loss 10.328042030334473 acc 0.0
output = [354 329 171  22  82 334 460  60 419 119 280  68 390 103 329  19]  lable = [346  76 230  22 256  29 467  35 166 165 287  34 364 476 307  51]

Fri Feb 11 16:43:17 2022 train epoch 4 iter 44 17.591112812030627 iters/s loss 10.615592002868652 acc 0.0625
output = [134 494 150 386 384 445  21 173 136 173 333 372 287 204  68 225]  lable = [ 92 484 477 418 275 258 126 340 424 361 220 397 360 393  67 155]

Fri Feb 11 16:43:18 2022 train epoch 4 iter 60 18.62765978117195 iters/s loss 10.653948783874512 acc 0.0
output = [305  26 481  60 447  96 290  48 120 463 285 446 493 272 188 286]  lable = [356 201 192 375 180  96  29 253 138 414 375 451 164 119 145 289]

Fri Feb 11 16:43:19 2022 train epoch 4 iter 76 18.429989844247334 iters/s loss 10.736143112182617 acc 0.0625
output = [108  84 285 252 122 269 358  69 489 354 373 438 267 483 316 344]  lable = [457 206 300 163 245 294 368  69 495  52 377 213 210  78 319 311]

Fri Feb 11 16:43:20 2022 train epoch 4 iter 92 17.397375909709435 iters/s loss 9.010737419128418 acc 0.0625
output = [237 400 342  10 286 100 195  92  28 291  69 188  88  62 485 451]  lable = [421 218 431  23 238 148 317 490 388 435  38 205 428  62 482 445]

Fri Feb 11 16:43:21 2022 train epoch 4 iter 108 18.981402944868428 iters/s loss 9.659395217895508 acc 0.0625
output = [ 71 411 200 238  77 249 201  21 388  69 292 262 444 335  89 281]  lable = [205 394 336 360 154 146 246  11  28 423 217 209 158 439  90 319]

Fri Feb 11 16:43:21 2022 train epoch 4 iter 124 18.15882080125293 iters/s loss 11.292667388916016 acc 0.0
output = [488 365  27 145 208 497 270 244 305 448 236 171 369 176 429 377]  lable = [ 70 404  95 416 246   0 194 399 316 394  73 172 422  95 395 363]

Fri Feb 11 16:43:22 2022 train epoch 4 iter 140 17.77424917689081 iters/s loss 11.834650993347168 acc 0.0
(7701, 1024)
total time is 18.56436514854431, average time is 0.07223488384647592
lfw face verification accuracy:  0.687 threshold:  0.4948918
output = [357 452 105 210  60 303 366 161 458 440  28 167 252 463 494  60]  lable = [159 486 184 206 285 118   2 420 246 449  42 406 482 179 483  17]

Fri Feb 11 16:43:42 2022 train epoch 5 iter 7 0.8097561203986678 iters/s loss 5.548999786376953 acc 0.0
output = [ 81 390 211 249  96 201 237 126  20 229 387 414 135 497 112  10]  lable = [378 370 318 110  96 201 162 259  20 342 401 423 135 404  16  10]

Fri Feb 11 16:43:43 2022 train epoch 5 iter 23 17.943325830751814 iters/s loss 7.139550685882568 acc 0.3125
output = [299 173 404 241 210 182 280 328 367 472 418 381 439  30  46 144]  lable = [  8 318 155 405 259  72 179 142 212 276 103 209 327 303  24 300]

Fri Feb 11 16:43:44 2022 train epoch 5 iter 39 17.525859371857972 iters/s loss 8.65491008758545 acc 0.0
output = [233  17 383 467 432  54 439 493 153  47 169 106 332 460 431 317]  lable = [275 420 294 216 152  54 335 293 247 395 157  92  78 457 342 301]

Fri Feb 11 16:43:45 2022 train epoch 5 iter 55 18.466092504829856 iters/s loss 9.55982494354248 acc 0.0625
output = [292 229  27 111  85 128 484 141  64  92 486 216 244 348  12 122]  lable = [373 288 440  48  85 465 484 327  56 490 106 203 399 394  21 252]

Fri Feb 11 16:43:46 2022 train epoch 5 iter 71 19.795593687603077 iters/s loss 6.728172779083252 acc 0.125
output = [278 291  37 440  39  69 309  29 484 343 216 361 299 205 210 230]  lable = [222 294  37 464  39  69 304 330 334 379 418 340  21 183 206 172]

Fri Feb 11 16:43:47 2022 train epoch 5 iter 87 17.131447216967032 iters/s loss 6.638156890869141 acc 0.1875
output = [ 69 419 344 128 390 357 439 216 143 404 211 341 228  64 316 499]  lable = [ 69   5  41 160 391  50  22  67 156  68 238 312 110  98 175  42]

Fri Feb 11 16:43:47 2022 train epoch 5 iter 103 17.180388169165813 iters/s loss 8.042109489440918 acc 0.0625
output = [488  76 351  65 343 127   2 472 311 184 204  18  88  83 496 246]  lable = [453 103 111 336 303 320 302 412 315 263 305 370 459 220 480 386]

Fri Feb 11 16:43:48 2022 train epoch 5 iter 119 18.222007050523686 iters/s loss 9.60999870300293 acc 0.0
output = [ 51 270 100 399 148  54 356  99 437 300 397 113  72   9 149 485]  lable = [ 58 271 307   2 182  52 167 114 358 463 442 257 182   9 434  24]

Fri Feb 11 16:43:49 2022 train epoch 5 iter 135 15.492686386336102 iters/s loss 8.147851943969727 acc 0.0625
(7701, 1024)
total time is 19.192041635513306, average time is 0.07467720480744477
lfw face verification accuracy:  0.6431666666666667 threshold:  0.5717167
output = [169 310 356 445 196 132 173 172 473 327 127 207 498  54  91  74]  lable = [332 147 133 478  79 190 245 424 427 415 127 207 389  13  81 296]

Fri Feb 11 16:44:10 2022 train epoch 6 iter 2 0.7637890615405882 iters/s loss 6.89766788482666 acc 0.125
output = [427 211 478 112  53 241 402 151 234 130 489 408  55 347  79 179]  lable = [370 156 176 215  50 246 402 167 140 336  82 421 495 347 274 476]

Fri Feb 11 16:44:12 2022 train epoch 6 iter 18 13.676218851736559 iters/s loss 5.196898460388184 acc 0.125
output = [201 437  99 121 169 339 350 161 163 479 364 239 442 294 110 152]  lable = [ 53 368 411 460 248  51 308 382 163 338 368 239 446 101 110 403]

Fri Feb 11 16:44:13 2022 train epoch 6 iter 34 15.059671733543198 iters/s loss 6.755327224731445 acc 0.1875
output = [301 454 155 180 134 427 211 490  82 395  59  15 174 138 245  66]  lable = [356 454 155 333 324 191 170 490 256 432 491  15 168 248 122 232]

Fri Feb 11 16:44:15 2022 train epoch 6 iter 50 5.852845240861174 iters/s loss 6.2196526527404785 acc 0.25
output = [425  27 492  11 400 457 165 338 499 121 439 174 190 188  50   5]  lable = [247  27 480  91 303 231 165 200 499 343 247 347 440 181  52 461]

Fri Feb 11 16:44:18 2022 train epoch 6 iter 66 7.30874383862247 iters/s loss 5.929203510284424 acc 0.1875
output = [314 129 296  66  17 136 487 183  73 356 453 288 388 467 144 109]  lable = [311 297 233 492 295  21 176  86  90 124 453 121 388 207 345 363]

Fri Feb 11 16:44:20 2022 train epoch 6 iter 82 7.107553261480624 iters/s loss 6.420757293701172 acc 0.125
output = [ 50 358 301 156 183 442  15 255  59 367 471  21 383 114 401 162]  lable = [ 43 338 260 146 487 364  15 156  59 366 416  58 210 100 415 239]

Fri Feb 11 16:44:22 2022 train epoch 6 iter 98 8.988488485941101 iters/s loss 6.414313316345215 acc 0.125
output = [285 332 154  73 175 298 172 162 328  28 283 303 181 187 220 261]  lable = [223 470 160 236 168 437 275 162 213 388 134  75 189 122 150 476]

Fri Feb 11 16:44:24 2022 train epoch 6 iter 114 7.442987591039782 iters/s loss 6.864458084106445 acc 0.0625
output = [277 428 354 417 339 208 148  57 254 184  41  95  49 453 390 401]  lable = [445 122 286  71  51 338 217  11 185  84  59  27  49 449   5 486]

Fri Feb 11 16:44:25 2022 train epoch 6 iter 130 13.654050037619976 iters/s loss 5.2732696533203125 acc 0.0625
output = [470 213 450 382  65 444   4 374 163 271 441 290 385  41 160 181]  lable = [421  86 324 453  65 431   4 296 163 312 396 268 385 344 453 467]

Fri Feb 11 16:44:26 2022 train epoch 6 iter 146 11.377239608789935 iters/s loss 6.368034839630127 acc 0.25
(7701, 1024)
total time is 18.851211547851562, average time is 0.07335101769592048
lfw face verification accuracy:  0.6983333333333334 threshold:  0.48184675
output = [222 340 309 161 445 383 292 427 391 453 486 170 271 293  87  68]  lable = [475 144 309 132 118 332 292 427 391 422 472 287 260 253  87  68]

Fri Feb 11 16:44:46 2022 train epoch 7 iter 13 0.794426603511425 iters/s loss 2.5574419498443604 acc 0.375
output = [439 335 152 299 159 210 487 426  72 129  21  10 273 386 100  84]  lable = [439 466 245 357 159 293 487 426 420 363 180 387 405 479 100 184]

Fri Feb 11 16:44:47 2022 train epoch 7 iter 29 17.299380501043498 iters/s loss 3.937441349029541 acc 0.3125
output = [214 385 361 435 251 204  67 201 495  43 237 455 361  50  30 162]  lable = [294 180 144 435 423 204 436  38 495  50 237 455 340 388  30 336]

Fri Feb 11 16:44:48 2022 train epoch 7 iter 45 18.04870192915408 iters/s loss 3.293121814727783 acc 0.375
output = [ 91 340 448  40 431 473 319  81 440  53 172 497 262 215 414  83]  lable = [ 91 113 463   3 350 359 341 334 125 115 380 497 262  58 222  83]

Fri Feb 11 16:44:49 2022 train epoch 7 iter 61 17.569011833038417 iters/s loss 3.9837141036987305 acc 0.25
output = [144 372 441  67 325  28  80 381 150 275 332 472 347 305 260 225]  lable = [300 267  69  67 325 345 328 432 184  11 156 266 211 304 360  69]

Fri Feb 11 16:44:50 2022 train epoch 7 iter 77 17.611110907001997 iters/s loss 3.7510910034179688 acc 0.125
output = [404 308 452 255 102   9 268 130 260 341 257 354 394  93 410  76]  lable = [499 322 314 201 102 399 288 474 205 384 251 372 380  93 201 167]

Fri Feb 11 16:44:51 2022 train epoch 7 iter 93 18.271097471461648 iters/s loss 4.521273612976074 acc 0.125
output = [487  93 117 383 482 463 256  91 176 391 432 317 347  16 480 103]  lable = [434  49 109 383 187 450 371  91 450 391 395 421 347  16 481 115]

Fri Feb 11 16:44:52 2022 train epoch 7 iter 109 17.502027463339267 iters/s loss 4.562202453613281 acc 0.3125
output = [ 26 480 297 149 403  76 335 342  40 128 484 446 278 488  92 371]  lable = [ 67 381  21 375 403  99 392 315  40 449 484 360 278  13 490 402]

Fri Feb 11 16:44:53 2022 train epoch 7 iter 125 17.47168035057464 iters/s loss 3.6214871406555176 acc 0.25
output = [216 482 459 317 186 227 361 187 210  61 119  36 263 380 466 169]  lable = [204 482 459 421 375  14 205 424 259  61 289 495 263 380 127 169]

Fri Feb 11 16:44:54 2022 train epoch 7 iter 141 17.393687417886593 iters/s loss 4.398653984069824 acc 0.375
(7701, 1024)
total time is 19.231287956237793, average time is 0.0748299142266062
lfw face verification accuracy:  0.6993333333333334 threshold:  0.5009839
output = [280 243 421  32 411 272 195 105  22 398 121 201 164 330 258 228]  lable = [ 86 286 421 307 402 167 422 105  22 353 340 191 300 330 364 295]

Fri Feb 11 16:45:14 2022 train epoch 8 iter 8 0.7817592114309926 iters/s loss 3.492382526397705 acc 0.25
output = [424  88 445 446  35 409 298 170 490 197  93 206 452   9 476 373]  lable = [424  88 445 446  35 409 221 430 498 197 301 206 447   9 196 165]

Fri Feb 11 16:45:15 2022 train epoch 8 iter 24 15.96256262575399 iters/s loss 2.186084270477295 acc 0.5625
output = [344  91 305  93 448 489 475  97  31 390 233 131 378 121 156 340]  lable = [309  14 305  93 448 158 398  97  31 391 233 131 394 325  21 293]

Fri Feb 11 16:45:16 2022 train epoch 8 iter 40 17.304180199618997 iters/s loss 3.0398101806640625 acc 0.4375
output = [425 239 490 260 125 199 382 477 405 292  14   7 379 130  64 114]  lable = [247 239 486 259  84 199 353 471 298 292 108 378 403 139  64 224]

Fri Feb 11 16:45:17 2022 train epoch 8 iter 56 17.94051966098768 iters/s loss 3.30222749710083 acc 0.25
output = [ 20 495 165 141 495 259  59 454 405 413 306  46 440 363  92  47]  lable = [365 495 397 109 495 157  97 494 405 413 306  46 233 143 484 395]

Fri Feb 11 16:45:18 2022 train epoch 8 iter 72 17.404838839771884 iters/s loss 3.652766466140747 acc 0.375
output = [482 483   2 297 446  82 140 237 324 479  54 328 102 134  59  67]  lable = [482 483   2 297 232  43 358 237 194 479  23 328 102 165  59 215]

Fri Feb 11 16:45:19 2022 train epoch 8 iter 88 17.805123589972716 iters/s loss 2.8312058448791504 acc 0.5625
output = [363 191 177 263 291 243 192 132  19  71  59 466 340 162  29 448]  lable = [342 191 322 263 291 243 339 132 408 178  59 335 343 162  29 448]

Fri Feb 11 16:45:20 2022 train epoch 8 iter 104 17.56327347691441 iters/s loss 2.481658458709717 acc 0.5625
output = [108 390   7  76 360 420 278 183 188 173 144 486 168 247  64 388]  lable = [128 303   7  76 286  98 469 183 188 245 144 411 168 153  64 379]

Fri Feb 11 16:45:21 2022 train epoch 8 iter 120 16.713295999450104 iters/s loss 4.506353378295898 acc 0.4375
output = [ 47 431 482 156 227 345 194 429 496 329 322 144 458 431 179 266]  lable = [ 47 323 482 169 465 149  99 304 496 244 376 306 230 221 162 162]

Fri Feb 11 16:45:22 2022 train epoch 8 iter 136 16.6079724566802 iters/s loss 3.4395341873168945 acc 0.1875
(7701, 1024)
total time is 19.27177143096924, average time is 0.07498743747458847
lfw face verification accuracy:  0.6918333333333333 threshold:  0.53333503
output = [274 348  92  15 324   6  74 388 138  57 272 156 145 125 131 474]  lable = [274 133  92  15 134 316  74 388 138  57 272 156 145 125 131 474]

Fri Feb 11 16:45:42 2022 train epoch 9 iter 3 0.7746945633310135 iters/s loss 1.3164656162261963 acc 0.8125
output = [ 66 194  91 149 117 138  10 444 147 101 354 221  41 423 356  25]  lable = [ 66 476  91 149 117 231  10 444 147 229 466 221  41 423 356  44]

Fri Feb 11 16:45:43 2022 train epoch 9 iter 19 15.024401689137607 iters/s loss 1.3612109422683716 acc 0.6875
output = [361 211 400  99  24 147 128 478 117 334 360 376 464 452 176 103]  lable = [361 174 400 251  24 147 108 478 101 334 360 386 464 330 433 103]

Fri Feb 11 16:45:44 2022 train epoch 9 iter 35 15.860975054052547 iters/s loss 1.8641934394836426 acc 0.5625
output = [211 310 455 253 293  36 490  37 336 181 409 255 280 435  44 489]  lable = [188 310 215 253 293  36 490  37 215 467 409 255  29 435  44 495]

Fri Feb 11 16:45:45 2022 train epoch 9 iter 51 15.613477187907225 iters/s loss 2.0456061363220215 acc 0.625
output = [430 410 443 270 157 463 200 476  32  60 210 230 348  90  38 242]  lable = [456 410 418 270  78 245 200 476  65  60 267 230 284  74  38 242]

Fri Feb 11 16:45:46 2022 train epoch 9 iter 67 15.034718443191393 iters/s loss 2.372737407684326 acc 0.5
output = [311 276 204  19 136 183 369 144 337 368  65 141 486 428  76 375]  lable = [311 276 204  19 136 190 369 144 269 122  65 420 486 428 421 375]

Fri Feb 11 16:45:47 2022 train epoch 9 iter 83 15.824419773243143 iters/s loss 1.5368751287460327 acc 0.6875
output = [247 459  51 465 366 472 483 395  68 189 194  30 396 217 286  79]  lable = [247 459  51 465 464 466 483  73  83 212 196  30 365 259 287 465]

Fri Feb 11 16:45:48 2022 train epoch 9 iter 99 14.920136455639467 iters/s loss 3.072127103805542 acc 0.375
output = [382 383 107 476 312 447 172   4 381 177 438 262 126 139   5  36]  lable = [382 383 336 256 312 180 244   4 432 177 438 219 461 462   5  36]

Fri Feb 11 16:45:50 2022 train epoch 9 iter 115 15.024129236116101 iters/s loss 3.5271615982055664 acc 0.5
output = [449 434 121 479 187 371 326 239  86 204 322 323 166 201 104 202]  lable = [449 434 121 230 110 151 426 155 206 204 322  79 241 426 437 202]

Fri Feb 11 16:45:51 2022 train epoch 9 iter 131 16.04568902588753 iters/s loss 3.088275194168091 acc 0.375
output = [475 270 354 267 190 281 375 311 486 184 195 410   1   4 248 197]  lable = [475 270 293 369 190 251 300 237 486 184 437 410 434   4 402 197]

Fri Feb 11 16:45:52 2022 train epoch 9 iter 147 15.769075358704955 iters/s loss 2.34576153755188 acc 0.5
(7701, 1024)
total time is 18.684549570083618, average time is 0.07270252751005299
lfw face verification accuracy:  0.7003333333333334 threshold:  0.55378
output = [ 24 438 196 209 366 148 108 187 117 131 415 429 270 105  32 385]  lable = [ 24 438 196 209 339 148 108 187 117 131 415 429 342 263  32 385]

Fri Feb 11 16:46:12 2022 train epoch 10 iter 14 0.8020940998400673 iters/s loss 0.8837248682975769 acc 0.8125
output = [ 37  83 253 167 474 152 233 367  71 308 188 135 472 437 385 433]  lable = [ 37 268 253 167 474 260 233 367  71 240 188 135 162 437 385 433]

Fri Feb 11 16:46:12 2022 train epoch 10 iter 30 17.713157078586143 iters/s loss 1.4799715280532837 acc 0.75
output = [ 76  39   9 480  20 477  93 172 441 400 131 278 288  23 283 489]  lable = [ 76  39   9 496  20 477  93 172 441 400 131 302 448 470 389 489]

Fri Feb 11 16:46:13 2022 train epoch 10 iter 46 17.95686052787267 iters/s loss 1.7131153345108032 acc 0.6875
output = [298 349 414 261  32 249 182 177 426  92 335 321  50  21 472  75]  lable = [298 178 414 261  32 249 182 371 426  92 335 321  41  21 472  75]

Fri Feb 11 16:46:14 2022 train epoch 10 iter 62 17.649108430110083 iters/s loss 0.7252472043037415 acc 0.8125
output = [144 424  45  98 339 199 186 112 315 406 362 324 405  53 399 428]  lable = [144 424  45  98 192 199 186 112 315 248 362 324 405  53 399 428]

Fri Feb 11 16:46:15 2022 train epoch 10 iter 78 17.718596154384365 iters/s loss 0.8903014659881592 acc 0.875
output = [273 394 453 394   8  99 496 483  14 205  87 367 477 142 474 124]  lable = [259 394 103 454  63 251 496 483  53 205  87 367 259 109 474 124]

Fri Feb 11 16:46:16 2022 train epoch 10 iter 94 18.667085762955985 iters/s loss 1.6863354444503784 acc 0.5
output = [400 458 480  16 270 357 161 428 218   6 223  98 437 463 179  73]  lable = [400 458 480 112 194 357 161 428 218   6 366  98 388 463 179  73]

Fri Feb 11 16:46:17 2022 train epoch 10 iter 110 17.244277249297216 iters/s loss 1.4644930362701416 acc 0.75
output = [ 76 263 463  24 366 331 215 465 280 169 145 163  59 479 448 131]  lable = [ 76 263 463  24 366 331 109 226 280 169 471 163  59 180 448 131]

Fri Feb 11 16:46:18 2022 train epoch 10 iter 126 18.009986036724246 iters/s loss 1.41288161277771 acc 0.75
output = [463 266 412 189 350 403  30 163 449 367 304 435 479 454 108 490]  lable = [179 266 472 189 401 403  30 151 449 367 304  93 314 454 108 490]

Fri Feb 11 16:46:19 2022 train epoch 10 iter 142 17.743852276425923 iters/s loss 1.7040727138519287 acc 0.625
(7701, 1024)
total time is 18.756938695907593, average time is 0.07298419726034083
lfw face verification accuracy:  0.7155 threshold:  0.5460173
output = [248  83 275  69  89 238 380 231 165  95 170 232 392 327 263 476]  lable = [248  83 275  69 449 238 380 231 165  95 170 446 392 327 263 476]

Fri Feb 11 16:46:39 2022 train epoch 11 iter 9 0.7783121249837109 iters/s loss 1.3951261043548584 acc 0.875
output = [121 169 195 462 335  71 132 442 164 394 324 342 410  98   1 411]  lable = [102 169 195 462 335  71 132 442 164 394 324 284 410  64   1 394]

Fri Feb 11 16:46:40 2022 train epoch 11 iter 25 13.40359216758389 iters/s loss 0.9738176465034485 acc 0.75
output = [114  12  43 308 412 449  12  16 281 283 206 385 286 424  67 260]  lable = [ 99  12  43 308 412  89  12  16 255 283 206 385 286 424  67 178]

Fri Feb 11 16:46:42 2022 train epoch 11 iter 41 12.782533632099083 iters/s loss 0.8908469676971436 acc 0.75
output = [173 251 372 471  63  66 397  38  96  56 370 324  39 429 156  55]  lable = [173 396 372 471  63  66 169  38  96  56 370 324  39 429 156  55]

Fri Feb 11 16:46:43 2022 train epoch 11 iter 57 13.55225390055454 iters/s loss 0.6616454124450684 acc 0.875
output = [392 221 460 178  26 486  57 246 168  56 253 361  64 297 307 152]  lable = [327 221 468 178  26 429  57 246 168  56 253 361  64 297 307 152]

Fri Feb 11 16:46:44 2022 train epoch 11 iter 73 12.97643705209651 iters/s loss 0.8334838151931763 acc 0.8125
output = [ 95 452 327 273  46 456 228 131 181 230 306 223 290 480 467 167]  lable = [ 95 452 392 273  46 456 228 131 181 230 306 223 290 303 467 167]

Fri Feb 11 16:46:45 2022 train epoch 11 iter 89 14.582387975443112 iters/s loss 0.7960035800933838 acc 0.875
output = [404  98 149 493 464 271 200 378 142 380 290 324  24 190 358 326]  lable = [404  98 149 493 464 271 200 378 142 172 290 134  24 190 358 326]

Fri Feb 11 16:46:46 2022 train epoch 11 iter 105 12.835667962368726 iters/s loss 0.7528624534606934 acc 0.875
output = [ 71 312 212 382 304  28 242 144  19  16  68 439 244 326 485 280]  lable = [ 71 312 212 382 304  28 242 144  19  16  68 439 244 457 485 280]

Fri Feb 11 16:46:48 2022 train epoch 11 iter 121 13.682132842282359 iters/s loss 0.3326647877693176 acc 0.9375
output = [ 49 144 329 130 248 495 405 240 208 338 430 410 343 120  27 252]  lable = [ 49 161 329 130 248 495 405 240 208 338 444 133 343 120  27 252]

Fri Feb 11 16:46:49 2022 train epoch 11 iter 137 13.798612918812777 iters/s loss 1.0452845096588135 acc 0.8125
(7701, 1024)
total time is 19.1099956035614, average time is 0.07435795954693153
lfw face verification accuracy:  0.693 threshold:  0.53003114
output = [177  60 288  47 161 210  19 138 216 440  27 359 252 420 340 302]  lable = [177  60 288  47 161 210  19 138 216 440  27 359 122 420 340 302]

Fri Feb 11 16:47:09 2022 train epoch 12 iter 4 0.7787811264450255 iters/s loss 0.6533693671226501 acc 0.9375
output = [338 484 267 451   7 167 471 499  93 398 111 419 272 342 251 460]  lable = [338 484 267 451   7 167 456 499  93 398 111 475 272 342 251 460]

Fri Feb 11 16:47:10 2022 train epoch 12 iter 20 18.327267563245982 iters/s loss 0.861706554889679 acc 0.875
output = [481  36 406  19 420   1 394  47 162  34  37 427 170 223 125  39]  lable = [481 477 406  19 420   1 394  47 162  34  37 427 170 223 125  39]

Fri Feb 11 16:47:11 2022 train epoch 12 iter 36 18.250084507670415 iters/s loss 0.7256181836128235 acc 0.9375
output = [363  87 331 114 491 324 399 176 248  89 127 263 270 418 389 489]  lable = [349  87 331 114 491 324 399 176 248  89 127 263 270 418 389 489]

Fri Feb 11 16:47:12 2022 train epoch 12 iter 52 17.635811052119685 iters/s loss 0.4410798251628876 acc 0.9375
output = [487 446  74 478 327  38 468 336 205 452 252  55 139 280 172 164]  lable = [487 446  74 478 327  38 468 336 205 452 252  55 166 280 172 164]

Fri Feb 11 16:47:13 2022 train epoch 12 iter 68 18.199319961447486 iters/s loss 0.4648806154727936 acc 0.9375
output = [ 89 188 282  81 488 260  24 495 352 496 433 311 256 289 425 240]  lable = [ 89 188 282  81 488 301  24 178 352 496 433 311 256 289 425 240]

Fri Feb 11 16:47:14 2022 train epoch 12 iter 84 17.086189842468823 iters/s loss 0.6074014902114868 acc 0.875
output = [148 342 411 367 434 230 341 237 349   0 319 223 408 221 484 156]  lable = [148 363 411 367 434 303 341 237 349   0 319 223 408 221 484 156]

Fri Feb 11 16:47:15 2022 train epoch 12 iter 100 17.4020586690869 iters/s loss 0.6918485164642334 acc 0.875
output = [421 242 165  27 377 101 175  94 340 258 335 476 110 468 207  46]  lable = [421 242 165  27 377 258 175  94 340 258 335 476 110 468 207  46]

Fri Feb 11 16:47:16 2022 train epoch 12 iter 116 19.34769236446584 iters/s loss 0.35198503732681274 acc 0.9375
output = [266 275 457  22 339 222 347 269 268 254 226 190 325 383 167 232]  lable = [266 275 457  22 339 222 347 269 268 254 226 190 325 383 167 232]

Fri Feb 11 16:47:16 2022 train epoch 12 iter 132 17.507479219462613 iters/s loss 0.41247695684432983 acc 1.0
output = [ 13 185 358 360 183 258 366]  lable = [ 13 185 232 435 183  53 407]

Fri Feb 11 16:47:18 2022 train epoch 12 iter 148 11.977897183959591 iters/s loss 2.482914447784424 acc 0.42857142857142855
(7701, 1024)
total time is 19.7141432762146, average time is 0.07670872870122412
lfw face verification accuracy:  0.6898333333333333 threshold:  0.5031546
output = [384   9 411 378 366 408 109   6 304 453 287 394  88 229 400 480]  lable = [384   9  81 378 366 408 141   6 304 453 287 394  88 229 400 480]

Fri Feb 11 16:47:39 2022 train epoch 13 iter 15 0.7429304366991575 iters/s loss 0.7611727118492126 acc 0.875
output = [439  88 144 276 117 427 487 259 109 141 290 181 432 222  91 295]  lable = [439  88 144 276 117 427 487 217 109 141 290 181 432 222  91 295]

Fri Feb 11 16:47:41 2022 train epoch 13 iter 31 11.13755402493885 iters/s loss 0.271174818277359 acc 0.9375
output = [498 461 464 128 468 172 447 416 411 335 293 425   4  98  34 254]  lable = [498 461 464 128 468 172 447 416 411 335 293 425   4  98  34 254]

Fri Feb 11 16:47:42 2022 train epoch 13 iter 47 12.389851780819793 iters/s loss 0.4807225465774536 acc 1.0
output = [319 481  25 345  83 465 418 236 499 227   9 166  81 162 127 458]  lable = [319 481  25 345  83 465 418 236 499 227   9 166  81 162 127 458]

Fri Feb 11 16:47:43 2022 train epoch 13 iter 63 11.725226349096525 iters/s loss 0.25625163316726685 acc 1.0
output = [393  60 235 204 404 238 161  78 199  47 344 269 259  12 226 182]  lable = [393  60   1 204 404 238 161  78 199  47 344 269 259  12 226 182]

Fri Feb 11 16:47:45 2022 train epoch 13 iter 79 11.344670306737287 iters/s loss 0.3200269937515259 acc 0.9375
output = [312 342 155 265 192 425 354 245 430  11 391 287  54 485 409 479]  lable = [312 342 155 265 192 425 354 245 430  11 272 287  54 485 409 479]

Fri Feb 11 16:47:46 2022 train epoch 13 iter 95 11.714756985812352 iters/s loss 0.41170424222946167 acc 0.9375
output = [123 447 279 448  95 103 476  10  66 318 106 143 351  13 112 300]  lable = [123 447 279 448  95 103 476  10  66 143 106 143 351  13 112 300]

Fri Feb 11 16:47:48 2022 train epoch 13 iter 111 11.780888270488576 iters/s loss 0.25988784432411194 acc 0.9375
output = [ 54 174  77  83 323 484 478 153  11 330 311 297 203 142  20 206]  lable = [ 54 174  77  83  79 484 478 153  11 330 311 303 203 142  20 206]

Fri Feb 11 16:47:49 2022 train epoch 13 iter 127 11.61754082740588 iters/s loss 0.6259453892707825 acc 0.875
output = [  0  93 239 264  26   2  71 290 489 240  54 220 176 106 495 388]  lable = [  0  93 239 264  26   2  71 290 489 240  54 220 176 106 495 388]

Fri Feb 11 16:47:50 2022 train epoch 13 iter 143 11.658908522839408 iters/s loss 0.18418776988983154 acc 1.0
(7701, 1024)
total time is 18.75111222267151, average time is 0.0729615261582549
lfw face verification accuracy:  0.7033333333333334 threshold:  0.5320707
output = [395 192 187 158 318 222 315 267 170 307 131 152 286 446  67 326]  lable = [395 192 187 158 318 222 315 267 170 307 131 152 286 446  67 326]

Fri Feb 11 16:48:10 2022 train epoch 14 iter 10 0.7955439113531668 iters/s loss 0.1313040554523468 acc 1.0
output = [172 352 237 442 346 293 358  41 227  30 402 259 146 370  79 189]  lable = [172 352 237 442 372 293 358  41 227  30 402 259 146 370  79 189]

Fri Feb 11 16:48:11 2022 train epoch 14 iter 26 17.072493308008664 iters/s loss 0.46673673391342163 acc 0.9375
output = [302 177 336 493 168 216 240 205 312 245 315 418 202 366 322 333]  lable = [302 177 336 493 168 216 308 205 312 245 315 418 202 366 322 333]

Fri Feb 11 16:48:12 2022 train epoch 14 iter 42 17.802563548879487 iters/s loss 0.2895153760910034 acc 0.9375
output = [134 326 384 476 337 270 270 391 493 248   5 396 102 395 115 394]  lable = [134 326 384 476 337 270 270 391 493 248   5 396 102 395 115 394]

Fri Feb 11 16:48:13 2022 train epoch 14 iter 58 17.647289119082693 iters/s loss 0.12665165960788727 acc 1.0
output = [346  10   2 444 369   5 101 155 299 292 273 457 488  32  47 333]  lable = [346  10   2 444 369   5 101 155 299 292 273 457 488  32  47 333]

Fri Feb 11 16:48:14 2022 train epoch 14 iter 74 18.88259727192357 iters/s loss 0.04936403036117554 acc 1.0
output = [182  75 257  77 484 449 458 313 250 103 256 265 382 338 416 378]  lable = [182  75 257  77 484 449 458 313 250 103 256 265 382 338 416 378]

Fri Feb 11 16:48:15 2022 train epoch 14 iter 90 19.041519216058365 iters/s loss 0.18757864832878113 acc 1.0
output = [281 220 182 433 208 179 238 120 340 189 195  33 257 256 240 195]  lable = [281 220 182 433 208 179 238 120 340 189 195  33 257 256 240 195]

Fri Feb 11 16:48:16 2022 train epoch 14 iter 106 18.969438081303974 iters/s loss 0.192589670419693 acc 1.0
output = [ 18 462 319 135  49 310 198 447 147 496  65 469 420 400 324 218]  lable = [ 18 462 319 135  49 310 198 447 147 496  65 469 420 400 324 218]

Fri Feb 11 16:48:17 2022 train epoch 14 iter 122 17.953334451590052 iters/s loss 0.18976853787899017 acc 1.0
output = [ 51 421 298 313  60 396  39 365 385 174 243 418 195  70 482 371]  lable = [ 51 421 298 313  60 396  39 365 385 174 243 418 195  70 482 371]

Fri Feb 11 16:48:17 2022 train epoch 14 iter 138 18.091309958638107 iters/s loss 0.15416431427001953 acc 1.0
(7701, 1024)
total time is 19.179739475250244, average time is 0.07462933647957293
lfw face verification accuracy:  0.69 threshold:  0.55433404
output = [436 108 451 410 140 194 387  13 459 237 325  54 483   0 287 339]  lable = [436 108 451 410 140 194 387  13 459 237 325  54 483   0 287 339]

Fri Feb 11 16:48:38 2022 train epoch 15 iter 5 0.7813878666143326 iters/s loss 0.09872795641422272 acc 1.0
output = [440  68 275 259  97  77  44 405 314 126 417  45 351 472 346 292]  lable = [440  68 275 259  97  77  44 405 314 126 417  45 351 472 346 292]

Fri Feb 11 16:48:39 2022 train epoch 15 iter 21 14.513777833143447 iters/s loss 0.08867397904396057 acc 1.0
output = [ 97 398 340 370 281 456 258 259 311 325 201  18 482 160 150 194]  lable = [ 97 398 340 370 281 456 258 259 311 325 201  18 482 160 150 194]

Fri Feb 11 16:48:40 2022 train epoch 15 iter 37 15.74407411265356 iters/s loss 0.17727996408939362 acc 1.0
output = [311  29 198   0 375  34 383  96  34 430  70 326  33 223 142 269]  lable = [311  29 198   0 375  34 383  96  34 430  70 326  33 223 142 269]

Fri Feb 11 16:48:41 2022 train epoch 15 iter 53 13.991909532882065 iters/s loss 0.08651350438594818 acc 1.0
output = [ 83  62 386 289 200 388 195   4 474 208 471 146 157 207  50 294]  lable = [ 83  62 386 289 200 388 195   4 474 208 471 146 157 207  50 294]

Fri Feb 11 16:48:42 2022 train epoch 15 iter 69 13.535623637540077 iters/s loss 0.05198879539966583 acc 1.0
output = [432  10 304 321  85   7  94 469 442 465 169 229  75 112 173 400]  lable = [432  10 304 278  85   7  94 278 442 465 169 229  75 112 173 400]

Fri Feb 11 16:48:43 2022 train epoch 15 iter 85 15.890825740211028 iters/s loss 0.5827381014823914 acc 0.875
output = [183  56  27 426 162 157  47 208 297 135 439 320 116 234 211 216]  lable = [183  56  27 426 162 157  47 208 297 135 439 320 116 234 211 216]

Fri Feb 11 16:48:44 2022 train epoch 15 iter 101 14.809006482222161 iters/s loss 0.05406404659152031 acc 1.0
output = [332 490 232 379  11 379 340 418 122   1 422  99 391   9 390 102]  lable = [332 490 232 379  11 379 340 418 122   1 422  99 391   9 390 102]

Fri Feb 11 16:48:46 2022 train epoch 15 iter 117 15.114762199166433 iters/s loss 0.32239070534706116 acc 1.0
output = [151 112 385 224 396 375 189 376  29 344   8 405 286 148 380 397]  lable = [151 112 385 224 396 375 189 376  29 344   8 405 286 148 380 397]

Fri Feb 11 16:48:47 2022 train epoch 15 iter 133 15.762593611801922 iters/s loss 0.06156771630048752 acc 1.0
(7701, 1024)
total time is 18.79381251335144, average time is 0.0731276751492274
lfw face verification accuracy:  0.7016666666666667 threshold:  0.49975863
output = [274  45 329 191 413 421 360 292 428 435 358 300  39 136 338  26]  lable = [274  45 329 191 413 421 360 292 428 435 358 300  39 136 338  26]

Fri Feb 11 16:49:07 2022 train epoch 16 iter 0 0.7907922461926056 iters/s loss 0.14578701555728912 acc 1.0
output = [134 466 361 340 115 490 333 122  52 408  19  25  77 133 239 482]  lable = [134 466 361 340 115 490 333 122  52 408  19  25  77 133 239 482]

Fri Feb 11 16:49:08 2022 train epoch 16 iter 16 19.905422873560013 iters/s loss 0.14794282615184784 acc 1.0
output = [ 53 251  73 202 456 240 419 438 220 125 311 211  24 182 123 156]  lable = [ 53 251  73 202 456 240 419 438 220 125 311 211  24 182 123 156]

Fri Feb 11 16:49:08 2022 train epoch 16 iter 32 18.125812717832147 iters/s loss 0.10311867296695709 acc 1.0
output = [183 216 114 397 102 328 331 462 208 216  48 244  97 499  19 365]  lable = [183 216 114 417 102 328 331 462 208 216  48 244  97 499  19 365]

Fri Feb 11 16:49:09 2022 train epoch 16 iter 48 17.792769453929576 iters/s loss 0.2911013662815094 acc 0.9375
output = [ 92  87 236 255 445 394 243 378 460 165 421 139  46  96 306 351]  lable = [ 92  87 236 255 445 394 243 378 460 165 421 139  46  96 306 351]

Fri Feb 11 16:49:10 2022 train epoch 16 iter 64 17.254275139770737 iters/s loss 0.07477924227714539 acc 1.0
output = [ 48 448 453 194 483 478  89 424 330  57 469 309 386 481 163   0]  lable = [ 48 448 453 194 483 478  89 424 330  57 469 309 386 481 163   0]

Fri Feb 11 16:49:11 2022 train epoch 16 iter 80 17.820518240383237 iters/s loss 0.10994642972946167 acc 1.0
output = [143 399 324 281  47 163 137 290 466 459 486  20 205  50 361 286]  lable = [143 399 324 281  47 163 137 290 466 459 486  20 205  50 361 286]

Fri Feb 11 16:49:12 2022 train epoch 16 iter 96 18.119499460266837 iters/s loss 0.08172310888767242 acc 1.0
output = [365 317 231 212 343 239  94 424 204 351  91  99 187 112 179 176]  lable = [365 317 231 212 343 239  94 424 204 351  91  99 187 112 179 176]

Fri Feb 11 16:49:13 2022 train epoch 16 iter 112 17.992641418630246 iters/s loss 0.10678049176931381 acc 1.0
output = [253 195  61  27 318 440 498 487 127  40 320 484 219  71  21 196]  lable = [253 195  61  27 318 440 498 487 127  40 320 484 219  71  21 132]

Fri Feb 11 16:49:14 2022 train epoch 16 iter 128 18.61200101950341 iters/s loss 0.2513982057571411 acc 0.9375
output = [387 159 155  54 287 282 107 440 333 172 103 266 382 191 455 306]  lable = [387 159 155  54 287 282 107 440 333 172 103 266 382 191 455 306]

Fri Feb 11 16:49:15 2022 train epoch 16 iter 144 17.99028277739711 iters/s loss 0.1325359046459198 acc 1.0
(7701, 1024)
total time is 19.028847217559814, average time is 0.07404220707221718
lfw face verification accuracy:  0.7036666666666667 threshold:  0.4669211
output = [395  54 125 266 388 108 171 239 442 152 188 495  18  47  64  90]  lable = [395  54 125 266 388 108 171 239 442 152 188 495  18  47  64  90]

Fri Feb 11 16:49:35 2022 train epoch 17 iter 11 0.7894041095560885 iters/s loss 0.043949782848358154 acc 1.0
output = [232 390 366 491 309 365 456 109   2 405 112 234  38  95 405 135]  lable = [232 390 366 491 309 365 456 109   2 405 112 234  38  95 405 135]

Fri Feb 11 16:49:36 2022 train epoch 17 iter 27 17.979804193376054 iters/s loss 0.05265993997454643 acc 1.0
output = [263 411 494 312 306 214 392 271 429 470 455 469  44 235 149 171]  lable = [263 411 494 312 306 214 392 271 429 470 455 469  44 235 149 171]

Fri Feb 11 16:49:37 2022 train epoch 17 iter 43 18.629381733347437 iters/s loss 0.1316879838705063 acc 1.0
output = [115  12 284 120 442 450 308  62 327 486 324 252 445 131 454 307]  lable = [115  12 284 120 442 450 308  62 327 486 324 252 445 131 454 307]

Fri Feb 11 16:49:38 2022 train epoch 17 iter 59 17.37096873975125 iters/s loss 0.08839289844036102 acc 1.0
output = [296  88  54 318 340 126 456 370 301  64  16  66  86 280 278  26]  lable = [296  88  54 318 340 126 456 370 301  64  16  66  86 280 278  26]

Fri Feb 11 16:49:39 2022 train epoch 17 iter 75 13.514117467478776 iters/s loss 0.040218304842710495 acc 1.0
output = [470 384 246 332 264 190 416 318  38 249  86 231  78 444  24 213]  lable = [470 384 246 332 264 190 416 318  38 249  86 231  78 444  24 213]

Fri Feb 11 16:49:40 2022 train epoch 17 iter 91 14.814743910973162 iters/s loss 0.06364622712135315 acc 1.0
output = [260 148  51 277 431 391  62 310 195 221 458  61  14 261 439  53]  lable = [260 148  51 277 431 391  62 310 195 221 458  61  14 261 439  53]

Fri Feb 11 16:49:41 2022 train epoch 17 iter 107 14.88399095545484 iters/s loss 0.07199326902627945 acc 1.0
output = [363 237   4 169 381 172 298 303 468 350 378 140 217 197 200 338]  lable = [363 237   4 169 381 172 298 303 468 350 378 140 217 197 200 338]

Fri Feb 11 16:49:42 2022 train epoch 17 iter 123 14.89785528079192 iters/s loss 0.18170619010925293 acc 1.0
output = [201 215 177 347 285 122 437 385 388 292 134 280 173 181  67 291]  lable = [201 215 177 347 285 122 437 385 388 292 134 280 245 181  67 291]

Fri Feb 11 16:49:43 2022 train epoch 17 iter 139 15.094214821010981 iters/s loss 0.23152334988117218 acc 0.9375
(7701, 1024)
total time is 19.432450532913208, average time is 0.07561264798798914
lfw face verification accuracy:  0.7143333333333334 threshold:  0.47265053
output = [ 93 298 216 221  57 368 217 195 452 428 469 160  39 282 369 463]  lable = [ 93 298 216 221  57 368 217 195 452 428 469 160  39 282 369 463]

Fri Feb 11 16:50:04 2022 train epoch 18 iter 6 0.7720373396755819 iters/s loss 0.06106237322092056 acc 1.0
output = [  5 149  95 410 385 139 189 243 418 367  42 285 200 281 296  22]  lable = [  5 149  95 410 385 139 189 243 418 367  42 285 200 281 296  22]

Fri Feb 11 16:50:05 2022 train epoch 18 iter 22 16.465050982166364 iters/s loss 0.028911730274558067 acc 1.0
output = [206 229 419  97 204  39 263 429 307  79 479 335 226  92 176 298]  lable = [157 229 419  97 204  39 263 429 307  79 479 335 226  92 176 298]

Fri Feb 11 16:50:06 2022 train epoch 18 iter 38 16.493028744952902 iters/s loss 0.15747618675231934 acc 0.9375
output = [414 426 221 186 220 302 153  79 420 211 369 210 445 376 230 456]  lable = [414 426 221 186 220 302 153  79 420 211 369 210 445 376 230 456]

Fri Feb 11 16:50:07 2022 train epoch 18 iter 54 16.76899500020115 iters/s loss 0.05728190764784813 acc 1.0
output = [330 394 237 325 387 111  82 225 445 124 301  77  68 398  65  89]  lable = [330 394 237 325 387 111  82 225 445 124 301  77  68 398  65  89]

Fri Feb 11 16:50:08 2022 train epoch 18 iter 70 17.233193371720702 iters/s loss 0.0649496540427208 acc 1.0
output = [357  89 480 365  40 495  56 395  64 481 492  27  68 164 349 209]  lable = [357  89 480 365  40 495  56 395  64 481 492  27  68 164 349 209]

Fri Feb 11 16:50:09 2022 train epoch 18 iter 86 16.362627915198654 iters/s loss 0.11434808373451233 acc 1.0
output = [157 301  26  54 412 287 434 180 116 107 341 164 267 460 151 367]  lable = [157 301  26  54 412 287 434 180 116 107 341 164 267 460 151 367]

Fri Feb 11 16:50:10 2022 train epoch 18 iter 102 15.10782069768201 iters/s loss 0.10190511494874954 acc 1.0
output = [458 342 119 275  90  62 249  50 140 437  59 150 262 494 287 419]  lable = [458 342 119 275  90  62 249  50 140 437  59 150 262 494 287 419]

Fri Feb 11 16:50:11 2022 train epoch 18 iter 118 11.795546723441863 iters/s loss 0.06003553420305252 acc 1.0
output = [138 400 157 325 290  64 397 318 453  40 407 258 355 165 373 247]  lable = [138 400 316 325 290  64 397 318 453  40 407 258 355 165 373 247]

Fri Feb 11 16:50:12 2022 train epoch 18 iter 134 14.367849727432288 iters/s loss 0.23083792626857758 acc 0.9375
(7701, 1024)
total time is 18.278566122055054, average time is 0.07112282537764612
lfw face verification accuracy:  0.7153333333333334 threshold:  0.47557756
output = [299  15 387 381 230 287 126 172 390 495 244 173 485  53 217 235]  lable = [299  15 387 381 230 287 126 172 390 495 244 173 485  53 217 235]

Fri Feb 11 16:50:32 2022 train epoch 19 iter 1 0.8190077651207551 iters/s loss 0.0405004620552063 acc 1.0
output = [ 87 404  37 237 119 241 208 373 341 423 180 227 255 300 445 136]  lable = [ 87 404  37 237 119 241 208 373 341 423 180 227 255 300 445 136]

Fri Feb 11 16:50:33 2022 train epoch 19 iter 17 18.90230797397403 iters/s loss 0.049681611359119415 acc 1.0
output = [117 150  13 278 153 256 444 251 237 186 482 132 422 404 148 133]  lable = [117 150  13 278 153 256 444 251 237 186 482 132 422 404 148 133]

Fri Feb 11 16:50:33 2022 train epoch 19 iter 33 20.29262392513948 iters/s loss 0.07153408229351044 acc 1.0
output = [142 151 463   4 168 226  34 444 282   8 215 231 320  77 119 128]  lable = [142 151 463   4 168 226  34 444 282   8 215 231 320  77 119 128]

Fri Feb 11 16:50:34 2022 train epoch 19 iter 49 20.84987401628623 iters/s loss 0.04879921302199364 acc 1.0
output = [488  71 198  43  11 209  38 406  10 401 184  39 267 492 390 238]  lable = [488  71 198  43  11 209  38 406  10 401 184  39 267 492 390 238]

Fri Feb 11 16:50:35 2022 train epoch 19 iter 65 19.071378920128474 iters/s loss 0.04130217060446739 acc 1.0
output = [175 153 283 378  44 273  95  20 265 239 106  41 131 443 375 259]  lable = [175 153 283 378  44 273  95  20 265 239 106  41 131 443 375 259]

Fri Feb 11 16:50:36 2022 train epoch 19 iter 81 20.721290985144087 iters/s loss 0.05314211547374725 acc 1.0
output = [ 92 431 326 133 135 261 359 131 488 424  68 346 409 255 329 355]  lable = [ 92 431 326 133 135 261 359 131 488 424  68 346 409 255 329 355]

Fri Feb 11 16:50:37 2022 train epoch 19 iter 97 21.093327373919582 iters/s loss 0.057996757328510284 acc 1.0
output = [482 286 350 100 365 425 491  62 307 318 406 224 457 450 161  99]  lable = [482 286 350 100 365 425 491  62 307 318 406 224 457 450 161  99]

Fri Feb 11 16:50:37 2022 train epoch 19 iter 113 18.34153828830183 iters/s loss 0.03415555879473686 acc 1.0
output = [495 139 411 206  58 241 458  31 245  23 286  36 120 382  70 480]  lable = [495 139 411 206  58 241 458  31 245  23 286  36 120 382  70 480]

Fri Feb 11 16:50:38 2022 train epoch 19 iter 129 19.1697985580274 iters/s loss 0.023995772004127502 acc 1.0
output = [412  79  15 107   0  47 438 344 179 463 143 216 156 141 384 181]  lable = [412  79  15 107   0  47 438 344 179 463 143 216 156 115 384 181]

Fri Feb 11 16:50:39 2022 train epoch 19 iter 145 20.230489802587353 iters/s loss 0.24921350181102753 acc 0.9375
(7701, 1024)
total time is 18.42810869216919, average time is 0.07170470308237038
lfw face verification accuracy:  0.708 threshold:  0.4617685
