149 train iters per epoch:
output = [151 379  70  94 371 367 390 282  60 118 326  68 350 354 346 115]  lable = [127 404 173 226 477 144 409 404 214 144 355  84 316 340  63   7]

Fri Feb 11 16:32:57 2022 train epoch 0 iter 0 26.84826015448313 iters/s loss 21.19061279296875 acc 0.0
output = [ 60  83  30  37 334 472 105 472 485 382  37 472  27  72 331  83]  lable = [375 403  40 242 195 235 116 183 187 311 291 479 493 473 447  87]

Fri Feb 11 16:33:01 2022 train epoch 0 iter 16 4.529175680796706 iters/s loss 22.79911994934082 acc 0.0
output = [390 444  99  65 485 390  65 444 229   7  65 396 164 372  47  27]  lable = [325 384 131  97  46 405  52 461 370 499 314 351 382 162  15 126]

Fri Feb 11 16:33:04 2022 train epoch 0 iter 32 5.20542412669213 iters/s loss 22.197484970092773 acc 0.0
output = [430  81 341 129 270 245 258  71 341 211 129 493 354  13 341 129]  lable = [207  71  82 273 422 136 139 353  36 141 465 320 400  15 426 418]

Fri Feb 11 16:33:07 2022 train epoch 0 iter 48 5.623280423103083 iters/s loss 21.540555953979492 acc 0.0
output = [111 111  75 111 398 111  83 144 146   0  75  48 203  85 111 111]  lable = [330 411 318 132  14 391  39 340 300  96  20  58 346 439 205 473]

Fri Feb 11 16:33:09 2022 train epoch 0 iter 64 5.650024756636913 iters/s loss 21.136423110961914 acc 0.0
output = [463  82 411 411 463 463 392 152  44  51 168  92 430  50 226  92]  lable = [403 117 157 330 360  17 391 471 396 144 306 266 286  41 122 315]

Fri Feb 11 16:33:12 2022 train epoch 0 iter 80 5.627553154485196 iters/s loss 22.050649642944336 acc 0.0
output = [430 409 205 301 440 147  69 484 110 296 205 140 314   8 314  69]  lable = [219 273   0 266 261 135  87  81 223 270 304 439 474 138 462 436]

Fri Feb 11 16:33:15 2022 train epoch 0 iter 96 5.925744249343574 iters/s loss 21.214811325073242 acc 0.0
output = [180  49 246  87 167 437 311 108 131 167 482 167 167 167 167 181]  lable = [327 115 242 492 242 398 299  27 360 377 379 151 490 166 282 373]

Fri Feb 11 16:33:18 2022 train epoch 0 iter 112 5.914126939000181 iters/s loss 22.142576217651367 acc 0.0
output = [ 86  84 434 385  86 128  19 294  64 496 171 128  68 307  91 112]  lable = [147 449 157 224 306 279 145 388 164 189 442  84  28 204  37 357]

Fri Feb 11 16:33:21 2022 train epoch 0 iter 128 5.080762398299751 iters/s loss 20.433578491210938 acc 0.0
output = [155 260 234 442 329   1  68  77  28 483 497 483  35 369 169 270]  lable = [233 380 202 308 178   5  38 488 365  77 395  95 129 193  39 291]

Fri Feb 11 16:33:25 2022 train epoch 0 iter 144 3.995687608984954 iters/s loss 19.994552612304688 acc 0.0
output = [246   7 216 209  61  61 352 482 216 265 263 397 103 447 482 315]  lable = [406 316 465 309   0  54 315 496 394 105 238 338 414 382 343 462]

Fri Feb 11 16:33:27 2022 train epoch 1 iter 11 7.870871885933173 iters/s loss 19.123308181762695 acc 0.0
output = [224 403  34 253  81 269 399  77   5 499 261 153 180 170 252 445]  lable = [427 295  39 293  95 316  21  99  38 213 304  93 222 361 482 382]

Fri Feb 11 16:33:28 2022 train epoch 1 iter 27 15.181142760580663 iters/s loss 17.32655906677246 acc 0.0
output = [106 325  57 186 215  59  53  75  34 490 445 155 361 341 298  62]  lable = [276 370  34 113 225 218  38  52  98 405 109 469 360 348 446  12]

Fri Feb 11 16:33:29 2022 train epoch 1 iter 43 14.476152017916132 iters/s loss 18.703874588012695 acc 0.0
output = [  7 346 471 374 496 191 156 279 340 374  55  35  71 306 202 425]  lable = [461 320 136 301 376 445 125 280 181 273  14  16 100   4 204 151]

Fri Feb 11 16:33:30 2022 train epoch 1 iter 59 14.301519319738242 iters/s loss 18.221576690673828 acc 0.0
output = [210 481 437 326  66  49  41 220 226 364 222 203 321 226  48 287]  lable = [444 488 390 155 308 484 371 198 108 494 351 434 246 304 398 145]

Fri Feb 11 16:33:31 2022 train epoch 1 iter 75 16.276403278425313 iters/s loss 18.814165115356445 acc 0.0
output = [364 390 174 466 173 488 102 404 366 164 334 369 289 496 235 390]  lable = [241 312 125 405 318 160 143 497 182  83 154 315 240 432 325 344]

Fri Feb 11 16:33:32 2022 train epoch 1 iter 91 16.063944726264406 iters/s loss 18.6466007232666 acc 0.0
output = [440 288 133 160 111 155 425 267 102 395  32 368 488 164 127 455]  lable = [449 264 270 387 192 116 418  93 430 319 389 358 339 438 417 459]

Fri Feb 11 16:33:34 2022 train epoch 1 iter 107 9.859704215620146 iters/s loss 18.605281829833984 acc 0.0
output = [122 214 480  84 484 151  15  50 292 112 390 454  70  45 112 435]  lable = [219  39 265 261 396 419   2  54 236 213 175 493 476 310 410 430]

Fri Feb 11 16:33:35 2022 train epoch 1 iter 123 11.027947306192171 iters/s loss 18.253679275512695 acc 0.0
output = [224  72 198 189 344 205 316 453  33 465 241 333 213 441 344 326]  lable = [108 408 262 182 400 345 274 452   3 291 364 306 497 404  85 311]

Fri Feb 11 16:33:37 2022 train epoch 1 iter 139 12.141249757568916 iters/s loss 17.542648315429688 acc 0.0
output = [190 164 245  56 445 256 164 491 350 392 262 227 111 142 414 110]  lable = [193 386 474 484  66 330 247 483 167 232 121 439 118 337 155 287]

Fri Feb 11 16:33:38 2022 train epoch 2 iter 6 15.42381480996279 iters/s loss 15.685227394104004 acc 0.0
output = [379 493 321 135 465 229 284 178  29 256  38 448  41 286 341 451]  lable = [ 72 457 232 152 440 374 270 149 154 160  75 195 341 375 239 326]

Fri Feb 11 16:33:38 2022 train epoch 2 iter 22 16.908723597781748 iters/s loss 17.097768783569336 acc 0.0
output = [441 400  24 217 468 105 142 238 211  93 217 276 368 129 249 329]  lable = [423 486 485 111 181 333  29 416 143 435 436 153 117  39 223 169]

Fri Feb 11 16:33:39 2022 train epoch 2 iter 38 17.14453772066525 iters/s loss 16.202068328857422 acc 0.0
output = [465 368 256 315  57 255 102 208 119 455 368 180 268  55  61  28]  lable = [440 446 434 283 148 411 333 321 313 482 451 128 159  32 419  13]

Fri Feb 11 16:33:40 2022 train epoch 2 iter 54 18.206464421644004 iters/s loss 14.372322082519531 acc 0.0
output = [136  86 366 229 209 148 313 470 178 214  51 498  94  38  46 213]  lable = [318 125 464 288 219 110 103 246  78 430  83  10 493 426  34 373]

Fri Feb 11 16:33:41 2022 train epoch 2 iter 70 17.45414898724689 iters/s loss 14.760051727294922 acc 0.0
output = [202 224 214  46 103 161  35  99  22  51 406 104 338 332 100  82]  lable = [415 431 383  85 155 417  47 454  28 456 286 325 109 265 148 179]

Fri Feb 11 16:33:42 2022 train epoch 2 iter 86 14.356283595630703 iters/s loss 15.172119140625 acc 0.0
output = [218 449 489  35 462 359 352 317  69 314 254 233 463 431  43 386]  lable = [311 220  57  19 153   0 241 421  21 298 135 242  64 364  49 283]

Fri Feb 11 16:33:43 2022 train epoch 2 iter 102 14.696200887831116 iters/s loss 14.730462074279785 acc 0.0
output = [395 157 170  27 163  40 394  46 198  44  16 105 455 139 441  57]  lable = [  3  70 169  62  93 393  81 110 158 172  48 114 470 451 494  45]

Fri Feb 11 16:33:44 2022 train epoch 2 iter 118 15.204273127833149 iters/s loss 14.032411575317383 acc 0.0
output = [ 96 102 498 171 226 494 265 317 385 280 272 289 190 186 195  41]  lable = [ 97 121 479 376 169 167 231 139 169 456 422  98 474 147 388 204]

Fri Feb 11 16:33:46 2022 train epoch 2 iter 134 14.911414124154566 iters/s loss 14.07626724243164 acc 0.0
output = [ 93 478 142 351  33  31 214 487  32  92 482 173   9 471 266 359]  lable = [435 196 328 321 429 299 294 474  40 490 121 416  36  88 433  99]

Fri Feb 11 16:33:47 2022 train epoch 3 iter 1 16.51669812054465 iters/s loss 12.782837867736816 acc 0.0
output = [297 456 246 391  25  66 204  95 485 241 351 187 324 477 331 274]  lable = [330 131 233 162  11  50 465 421 219 417 231 131 282 332 271 417]

Fri Feb 11 16:33:47 2022 train epoch 3 iter 17 19.98687890265978 iters/s loss 11.885127067565918 acc 0.0
output = [269 331 416  34 184 298 157 212 154 132  12 447 139 478 205  13]  lable = [240 158 238  63 220 288 371 353 434 354  27 220 462 386 474   3]

Fri Feb 11 16:33:48 2022 train epoch 3 iter 33 18.12622886216621 iters/s loss 11.556038856506348 acc 0.0
output = [396 346 380 437 269 478 100 458 258  82 400 402 331 165 285 361]  lable = [195 363 172 298 224 201 313 163 251 127 290 202  84 265  60 173]

Fri Feb 11 16:33:49 2022 train epoch 3 iter 49 13.827844033455253 iters/s loss 11.091054916381836 acc 0.0
output = [380 229 363  27  63 288 422 199 186   0 272 432 249 166 108 483]  lable = [  4 288 140  32  68 229 122 406  51   0 418 402 407 139 158 494]

Fri Feb 11 16:33:50 2022 train epoch 3 iter 65 15.645973034661395 iters/s loss 8.58840560913086 acc 0.0625
output = [476  88 461 312 318 317 307  38 496 139  62  44  40 316 121 182]  lable = [256 428  77 271 402 291 125  26  98 349 489 396 307 270 285 351]

Fri Feb 11 16:33:51 2022 train epoch 3 iter 81 15.559556247206142 iters/s loss 11.211503028869629 acc 0.0
output = [ 40  13 142  91 163 171 435 425 408 342 427 155 281 137  16  94]  lable = [ 10  54 198  14 118 397 220 246  90 294 284 225 386 157  25  44]

Fri Feb 11 16:33:52 2022 train epoch 3 iter 97 16.139589247595254 iters/s loss 12.842413902282715 acc 0.0
output = [ 53  67 398 472 307  87 257 472 393  20 471 488 327 395 305 151]  lable = [ 38 415 250 413 248  87 190 405 204   6 482 203 207 144 294 486]

Fri Feb 11 16:33:54 2022 train epoch 3 iter 113 14.363904145697102 iters/s loss 9.208456993103027 acc 0.0625
output = [380  35 442 312 333  85 102 225  18 418  21 378 329 301 376 311]  lable = [477  34 396   7 260  29 493 248   1 106 480 319 289 439 258 423]

Fri Feb 11 16:33:55 2022 train epoch 3 iter 129 15.52134515976085 iters/s loss 10.153997421264648 acc 0.0
output = [111 360  38  54 497 420 242  37   5  98 203 431 199 467 358 238]  lable = [292 456 201 484 138 141 120  37 244  47 116  80  78 155 232 184]

Fri Feb 11 16:33:56 2022 train epoch 3 iter 145 14.87924548465678 iters/s loss 9.883989334106445 acc 0.0625
output = [245 246 382 469  66 162 120 479 359 428 433 404 142 125 319 165]  lable = [444 386 382 189  85 344 120 235 359 121 290 499 191 349 445 222]

Fri Feb 11 16:33:56 2022 train epoch 4 iter 12 19.119116591263918 iters/s loss 6.72727632522583 acc 0.1875
output = [182 383 489 356  94 286 250 300 164 401  93 289 317 433 187  38]  lable = [181 367  40 124  44 243 212 110 363 445 394 294 421 422 122  38]

Fri Feb 11 16:33:57 2022 train epoch 4 iter 28 19.16337748323569 iters/s loss 8.571855545043945 acc 0.0625
output = [409 237  28 376  96 222 283 345 189 283 251 180 276 262 451 395]  lable = [ 84 489   7 414 477 165 266  53 475 391 203 102 472 198 346 340]

Fri Feb 11 16:33:58 2022 train epoch 4 iter 44 17.859397246450015 iters/s loss 8.060707092285156 acc 0.0
output = [214 434 454 420  59  12  39  15 133 139 378 235 114 393 488 413]  lable = [214 230 202 294 218 274 444  24 357 462  70 298 191 336 449 413]

Fri Feb 11 16:33:59 2022 train epoch 4 iter 60 17.9009145865715 iters/s loss 7.345037460327148 acc 0.125
output = [ 49 344 165 452 103   5 408 270  69 210 377 133 338 291  98  93]  lable = [ 36 427 496 350 119  65  90 177 244 127 278 109 437 107  98 163]

Fri Feb 11 16:34:00 2022 train epoch 4 iter 76 18.49175792608848 iters/s loss 8.589385986328125 acc 0.0625
output = [177 391 249 497 187 105 165 360 470 347 293   9 325  65 339  28]  lable = [371 303 148 480  72 105 145 170 329 122 205  68 180  75 192 118]

Fri Feb 11 16:34:01 2022 train epoch 4 iter 92 17.405543049945756 iters/s loss 9.691012382507324 acc 0.0625
output = [ 48  93 256   7 175 198 403  35  66 124 418 176 275 140 173 472]  lable = [ 48  93 177 461  65 158 211  35  52 327 103 183 224 337 325 342]

Fri Feb 11 16:34:02 2022 train epoch 4 iter 108 17.318050043844234 iters/s loss 6.937585353851318 acc 0.1875
output = [ 67 452 201 458 253 296 260  46  37 149 258 287  55  14   8 255]  lable = [ 53 112 131 228 481 233 152  46 406 210 171 360  55 108   6 226]

Fri Feb 11 16:34:03 2022 train epoch 4 iter 124 17.336567342892934 iters/s loss 6.717685222625732 acc 0.125
output = [420 272 102  46  36 335 280 296 453 452  54 205  88 178  94 242]  lable = [132 394 292  60  36 392 186 114  82  27 210 327 456 164  94 124]

Fri Feb 11 16:34:04 2022 train epoch 4 iter 140 17.25775384127175 iters/s loss 6.196588516235352 acc 0.125
output = [376 286 360 340 262 388 456 250 199 283   8 432 109 186 133 138]  lable = [363 286 287 113 292 388 456 213 412 272 299 381 368 186 478 396]

Fri Feb 11 16:34:04 2022 train epoch 5 iter 7 18.964527735420155 iters/s loss 5.617414951324463 acc 0.25
output = [240 131 339  40 112 185 374 489  68 175 309  38 453 182 447  66]  lable = [297 131 448 393 124 252 389 461   8 282 309  38 453 111 211  66]

Fri Feb 11 16:34:05 2022 train epoch 5 iter 23 21.542829095477984 iters/s loss 4.713221549987793 acc 0.3125
output = [331 223  18 492 170 457 274 430 269 299 472 358 130 486 202 217]  lable = [ 97 262  41 238 169 181 274 143 216 299 350 400 336 151 454  32]

Fri Feb 11 16:34:06 2022 train epoch 5 iter 39 19.98536704487924 iters/s loss 5.786002159118652 acc 0.125
output = [ 23 427 114 124 176 408 453  56 451 142  13  19 141 172 385 316]  lable = [ 88 427  99 410 176 375 194  56 466  79  13 450 415 136 180  36]

Fri Feb 11 16:34:07 2022 train epoch 5 iter 55 18.611046124338646 iters/s loss 4.455197334289551 acc 0.25
output = [347 404  72 131 239  23  53  56 261 155 183 249 272 301 409  62]  lable = [347 480 182 375 369  23 494  56 261 130 476 223 272 149 289  62]

Fri Feb 11 16:34:08 2022 train epoch 5 iter 71 19.77183895651477 iters/s loss 4.5707621574401855 acc 0.375
output = [145 400 150  74 258 291 273 174  17 327  38 278 379 319 399 359]  lable = [145 162 150 352 478 291 315 347  17 335 418 245 403 378 244  33]

Fri Feb 11 16:34:09 2022 train epoch 5 iter 87 17.550912893064982 iters/s loss 5.716516971588135 acc 0.25
output = [460 104 368  63 208 460 220  99 346 481  48  57 213 178  39 206]  lable = [428 104 141  75 208 122 220 254 268 219 136  57 106 386  39 289]

Fri Feb 11 16:34:09 2022 train epoch 5 iter 103 18.071160809664182 iters/s loss 5.348470687866211 acc 0.3125
output = [279 166  43 135 493 117 408 305 200   1 326 485  34 196  75 346]  lable = [309 368  43 482  37 242 381 305 481 370 473 485  35 202  75 439]

Fri Feb 11 16:34:10 2022 train epoch 5 iter 119 18.004815853306155 iters/s loss 4.184728145599365 acc 0.25
output = [ 78 224  70 294 195 234 330 146 309 390 136  34 313 349 385 360]  lable = [176 491 227 303 195 138 297 183 296 400 302  67 313 125 385 446]

Fri Feb 11 16:34:11 2022 train epoch 5 iter 135 18.64761360134556 iters/s loss 5.711836338043213 acc 0.1875
output = [197  40  12 130 388 299 201  66 108 212 338 210 483 265  37 102]  lable = [225  40  12 139 388 299 201  66 226 212 338 267 483 243  66 102]

Fri Feb 11 16:34:12 2022 train epoch 6 iter 2 17.109002327638734 iters/s loss 2.240072727203369 acc 0.625
output = [150 220 435  94 177 487 275 392 169 353 237 210 208 202 307 173]  lable = [150 220 263  94 177 487 275 365 318 353  13 267  66 202  40 468]

Fri Feb 11 16:34:13 2022 train epoch 6 iter 18 21.711579543340587 iters/s loss 4.239303112030029 acc 0.5
output = [329 366 148 285 136 459 438 412 220 485 411 125  50 160 454 195]  lable = [329 182 189 223 111 340 145 228  84 460 227 327  53 394 290 195]

Fri Feb 11 16:34:14 2022 train epoch 6 iter 34 19.098641557309843 iters/s loss 5.777861595153809 acc 0.125
output = [ 44 422 468 309 100 285 410 289 135  97 212 420 206  25 261 370]  lable = [455 151 343 309 384  56 438 395 135 429 213  39 206  25 261 303]

Fri Feb 11 16:34:15 2022 train epoch 6 iter 50 14.651704252821391 iters/s loss 3.590959310531616 acc 0.3125
output = [291 288 375 214 265  39 266 183 442   3 262 306 407 155  16 438]  lable = [291 267 186 214 436  39 162 196 442  62 209 306 407 155  16 251]

Fri Feb 11 16:34:16 2022 train epoch 6 iter 66 17.391501214393596 iters/s loss 2.935080051422119 acc 0.5
output = [348 102 188  74   0  27 458 151 160 173  56 233 320  92 363 393]  lable = [394 333 188 282   0  27 458 151 269 279  56 118 319   1 494 393]

Fri Feb 11 16:34:17 2022 train epoch 6 iter 82 17.959104678919704 iters/s loss 3.572082281112671 acc 0.4375
output = [ 43 306  69  76 344 164 382 155 350 444 372 165  60 480 421 238]  lable = [ 43 254  69 399 142 143 469 155 412 444 349 165 330   4 317 261]

Fri Feb 11 16:34:18 2022 train epoch 6 iter 98 17.38199199290722 iters/s loss 4.529156684875488 acc 0.3125
output = [416 440 195 221 352 411 443 373 300 262 271 246  39 199 252 278]  lable = [428 440 277 221  74 203 320 363 146 111 271 470  39 220 170 222]

Fri Feb 11 16:34:19 2022 train epoch 6 iter 114 16.394963331192415 iters/s loss 3.196037530899048 acc 0.25
output = [223 489 422 132 385 458  82 134 236  18 180 100 377 299 345  66]  lable = [100  95 273 354 385 397 116 426 147  18 447 100 406 486 170 208]

Fri Feb 11 16:34:20 2022 train epoch 6 iter 130 16.946545886497887 iters/s loss 4.790304183959961 acc 0.1875
output = [112 480 200  15 199 400 239 285 430  88 234 380 304 106   7 114]  lable = [200 496 200  15 154 314 343 285 184  88 234 448 348 241  49 264]

Fri Feb 11 16:34:21 2022 train epoch 6 iter 146 15.855192929376217 iters/s loss 4.019797325134277 acc 0.3125
output = [  6 378 109 286 219  50 120   0  90  97 433 154 258 201 348 294]  lable = [  6 331 109 170 467  50 120   0 149 400 394 160 133 246 357 294]

Fri Feb 11 16:34:22 2022 train epoch 7 iter 13 15.682675059567599 iters/s loss 2.824273109436035 acc 0.375
output = [464 418 356 437 480  39 490  29 227 165  38 359 361 407 455 267]  lable = [464 418 356 195 373 363 490  29 227 111  38 382 361 407 455 160]

Fri Feb 11 16:34:22 2022 train epoch 7 iter 29 19.989813988221567 iters/s loss 2.1716034412384033 acc 0.625
output = [428 411 348  13 285 361  35 270  96 211  32 286 189 225 266  46]  lable = [416 150 348  13 285 294  35 270  96 211  32 286 181 215 266  46]

Fri Feb 11 16:34:23 2022 train epoch 7 iter 45 17.700346601388883 iters/s loss 1.1694433689117432 acc 0.6875
output = [188 351 186 218 374 375 309 164 182 221 387 100 397 186 252 393]  lable = [188 420 186 472 374 375 309 164 182 221 387 100 405 186 115 196]

Fri Feb 11 16:34:24 2022 train epoch 7 iter 61 16.28170272955442 iters/s loss 1.4619301557540894 acc 0.6875
output = [499 325 216   3 257 245 444  15 373 315 170 324   9 305 111 117]  lable = [499 325 454 378 113 184 444  15 373 350 169 139   4  79 340 107]

Fri Feb 11 16:34:25 2022 train epoch 7 iter 77 17.200238669846197 iters/s loss 1.967258095741272 acc 0.3125
output = [296 359 369 187 197 119 228 439 263 490 465 172  42 397 433 208]  lable = [296   0 369 343 197 119 398 439 263 450 191 171 499 303 422 208]

Fri Feb 11 16:34:26 2022 train epoch 7 iter 93 16.779963719058998 iters/s loss 2.1390652656555176 acc 0.4375
output = [422 405 303 386  91 371 288 403 254  52 189  99 236 162 354 469]  lable = [394 405  11 376  91 371 268 403 183  54 207  99 236 314 354 222]

Fri Feb 11 16:34:27 2022 train epoch 7 iter 109 15.764285759589045 iters/s loss 2.492617130279541 acc 0.4375
output = [ 89 281  37 344 313 367 475 167 181 321 182 206 452 366 499 273]  lable = [ 89 378  37  90 313 236 475 169 185 321 395 206 452 217 499 336]

Fri Feb 11 16:34:28 2022 train epoch 7 iter 125 16.190926365383113 iters/s loss 2.5478131771087646 acc 0.5
output = [390 136 299 204  40 271 270 186 415 379 267 233 485  71 479 409]  lable = [390 136 299  41  40 125 114 375 415 379 269 208 485 310 479 204]

Fri Feb 11 16:34:29 2022 train epoch 7 iter 141 12.742229690600286 iters/s loss 2.0216145515441895 acc 0.5
output = [141  85 388 259 457   5  70  60 263 227  93 471 282 242 245 113]  lable = [141  85 388 259 457   5 158  60 263 227  93 471 282 242 245 257]

Fri Feb 11 16:34:30 2022 train epoch 8 iter 8 16.322960258233554 iters/s loss 0.7790195941925049 acc 0.875
output = [167 193  82 421 115 266 248 375 480  45 422 376 139  50 333 216]  lable = [490 193  82 421 404 266 248 260 403  45 452 446 194  50 126  81]

Fri Feb 11 16:34:31 2022 train epoch 8 iter 24 17.021625261726818 iters/s loss 2.519737958908081 acc 0.4375
output = [152 442  94 142 322 373 203  60 177 308 179 419 183 406 139  44]  lable = [152 442  94  92 101 373 203  60 177 308 149 230 183 406 139  48]

Fri Feb 11 16:34:32 2022 train epoch 8 iter 40 18.63075228314559 iters/s loss 1.5581594705581665 acc 0.6875
output = [497 452 216 168 338 253 485  16  78   4  77   8  91 146  87 136]  lable = [497 452 216 287 200 293 485  16  78   4  77   8 429 146  87 136]

Fri Feb 11 16:34:33 2022 train epoch 8 iter 56 16.54077798429795 iters/s loss 1.2247474193572998 acc 0.75
output = [332 345 399  59  66 106 498 247  68 480 367 258 261 298  78 252]  lable = [332 345 399  59 492 106 498 247  68 480 367 258 261 298  78 460]

Fri Feb 11 16:34:34 2022 train epoch 8 iter 72 15.625022904748146 iters/s loss 0.9856664538383484 acc 0.875
output = [401 343 136 484 267 170 430 356 479 250  40 480 264  30 173 216]  lable = [336 343 136 484 267 381 116 356 479 190  40 227 374  30 416 454]

Fri Feb 11 16:34:35 2022 train epoch 8 iter 88 15.22338765693784 iters/s loss 1.9152095317840576 acc 0.5
output = [229  18 476 437 183 313 218  37 422  39 334 490  56 105 251  34]  lable = [209  18 476 437 183 466 231  37 422 129 334  92 209 105 194  34]

Fri Feb 11 16:34:36 2022 train epoch 8 iter 104 15.328598312889145 iters/s loss 1.483278751373291 acc 0.5625
output = [346 173  87 147 204  25 195 117 321  10 292  29 238 359 405 418]  lable = [349 173  87 147 204 485 235 474 343 238 292 290 238 359 417 102]

Fri Feb 11 16:34:37 2022 train epoch 8 iter 120 16.71456146634341 iters/s loss 2.2514700889587402 acc 0.4375
output = [130 182 167 396 272 270 450 470  60  72 179 445 203 295 237 342]  lable = [349 182 167 396 283  74 401 470  60  72  61 445 336 295 237 284]

Fri Feb 11 16:34:38 2022 train epoch 8 iter 136 13.696259537388809 iters/s loss 2.4579834938049316 acc 0.5625
output = [ 43 482 126 247  37 102 461  60 214 480 346 372 293 472 391  55]  lable = [ 43 482  89 247  37 102 399  60 214 486 346 372 293 472 391  55]

Fri Feb 11 16:34:39 2022 train epoch 9 iter 3 15.648205777272667 iters/s loss 0.6981795430183411 acc 0.8125
output = [338 276 444 439 319 417  59 297 189  55 470 108 433 342 109  81]  lable = [338 153 444 439 319 417  18 297 467  55 470 108 433 342 109 251]

Fri Feb 11 16:34:40 2022 train epoch 9 iter 19 17.925022403318497 iters/s loss 1.5355496406555176 acc 0.75
output = [ 59  16 349  65 472  62 416  40 221 315 495 236 156 441 203 429]  lable = [ 59  16 349  65 472  62 416  40 221 161 495 236 156 441 203  97]

Fri Feb 11 16:34:41 2022 train epoch 9 iter 35 16.048789528675112 iters/s loss 0.7507806420326233 acc 0.875
output = [ 11 183  93 279 175 211 430 346 491 216 392 119 418 364 479 181]  lable = [ 11  86  93 279 175 211 456 118 491 216 392 119 418 364 479 467]

Fri Feb 11 16:34:42 2022 train epoch 9 iter 51 18.631062624306356 iters/s loss 1.253355860710144 acc 0.75
output = [495 205 395 267 126 491  64  15 122 172 396 154 473 306 438 298]  lable = [495 361 395 267 126 491  64  15 305 172 396 261 473 306 143 298]

Fri Feb 11 16:34:43 2022 train epoch 9 iter 67 16.736208106088057 iters/s loss 1.0738478899002075 acc 0.75
output = [ 63 422 111  91  88 441 388  17 322 153 311  68 255 248 241 424]  lable = [ 63 422 111  91  88 365 388  17 322 153 314  68 255 248 133 424]

Fri Feb 11 16:34:44 2022 train epoch 9 iter 83 16.687956293773677 iters/s loss 1.5156100988388062 acc 0.8125
output = [435 213 438   2 379 248 286 223  88 322 485 197 347 458 315 468]  lable = [435 213 438   2 379 353 480 223  88 494 485 197 347 458 235 468]

Fri Feb 11 16:34:45 2022 train epoch 9 iter 99 16.397819646831266 iters/s loss 0.8488724231719971 acc 0.75
output = [117 313 139 160 211 360 199  17 244 308 358  32 488 320 437 295]  lable = [117 313 139 160 211 360 199  17 244 272 358  32 488 320 437 295]

Fri Feb 11 16:34:46 2022 train epoch 9 iter 115 14.960832541732646 iters/s loss 0.5165644288063049 acc 0.9375
output = [359 111  43 351  27 414 357 196 128  25 488 224 236 416 356  53]  lable = [359 111  43 351  27 414 357 194 128  25 488 224 236 322 348  53]

Fri Feb 11 16:34:47 2022 train epoch 9 iter 131 16.110738897902134 iters/s loss 0.7855160236358643 acc 0.8125
output = [274 415  84 308 166 438 288 413 356 369 402  27 398 251 286 203]  lable = [274 415  84 299 445 438 288 413 356 369 402  27 398 419 286 203]

Fri Feb 11 16:34:48 2022 train epoch 9 iter 147 13.644919077611442 iters/s loss 0.9792492985725403 acc 0.8125
output = [349 164 114 374 193 285 190 435  22 360 290 214  84 341 220 455]  lable = [349 164 114 374 193 285 190 435  22 360 268 214  84 341 220 455]

Fri Feb 11 16:34:49 2022 train epoch 10 iter 14 17.862054482450787 iters/s loss 0.42829012870788574 acc 0.9375
output = [ 89 170 264 286 261  55  36 213 164 155 103   7  55 171 355 105]  lable = [ 89 170 264 286 261  55  36 213 164 155 103   7  55 171 355 105]

Fri Feb 11 16:34:50 2022 train epoch 10 iter 30 17.80264855687606 iters/s loss 0.19274750351905823 acc 1.0
output = [265  63 489 442 173   4 488 466 363 216 335 307  32  98 357  75]  lable = [265  63 489 442 173   4 488 466 363 108 335 307  32  98 357  75]

Fri Feb 11 16:34:51 2022 train epoch 10 iter 46 17.781478333308602 iters/s loss 0.5489959120750427 acc 0.9375
output = [420  25 240 197  13 161  41 410 328  44 363 136 487 499   6 149]  lable = [420  25 160 197  13 327  41 410 328  44 363 136 487 404   6 149]

Fri Feb 11 16:34:52 2022 train epoch 10 iter 62 14.999605278627246 iters/s loss 0.9243106245994568 acc 0.8125
output = [102  19 171 375 245 342 295  60 388  54 246 118 213 217 389 485]  lable = [102  19 171 375 245 308 295  60 388  54 246 118 213 259 389 485]

Fri Feb 11 16:34:53 2022 train epoch 10 iter 78 13.959030768005135 iters/s loss 0.7972509860992432 acc 0.875
output = [464 321  33 346 394  13 453  86  72 195 105 236 412 377 332 203]  lable = [233 321  33 346 394  13 453 194 302 195 105 207 412 377 332  82]

Fri Feb 11 16:34:54 2022 train epoch 10 iter 94 16.165100232062603 iters/s loss 1.7203248739242554 acc 0.6875
output = [237 468  21 311 259 135 387 408 382 359 458 111 248  73 272 184]  lable = [237 460  21 311 259 135 387  90 382 359 458 111 248  73 272 184]

Fri Feb 11 16:34:55 2022 train epoch 10 iter 110 14.803276761109098 iters/s loss 0.41929078102111816 acc 0.875
output = [267 448   6 345 387  93 332  19 206 278 286 325  43 146 187 190]  lable = [267 448   6 345 387  93 332  19 206 278 286 325  43 146 187 190]

Fri Feb 11 16:34:56 2022 train epoch 10 iter 126 14.452785368735324 iters/s loss 0.1549444943666458 acc 1.0
output = [231 342  99 400 399 252 201 288  43 330  62 181 318 461 157 241]  lable = [231 342  99 400 244 252 201 288  43 330  62 181 318 461 157 241]

Fri Feb 11 16:34:57 2022 train epoch 10 iter 142 14.99853252821296 iters/s loss 0.5181930065155029 acc 0.9375
output = [310 286 435 100  33  28 297 352 337 112  39 106  82  68 153 362]  lable = [310 286 359 100  33 487 297 352 337 112  39 350  82 348 153 362]

Fri Feb 11 16:34:59 2022 train epoch 11 iter 9 12.581763914042844 iters/s loss 1.0431087017059326 acc 0.75
output = [295 405 198  83 480  42 317 123 236 125 270 376 149 156  84 332]  lable = [295 405 198  83 480  42 317 123 236 125 270 376 149 156  84 332]

Fri Feb 11 16:35:00 2022 train epoch 11 iter 25 18.00695121404754 iters/s loss 0.23225286602973938 acc 1.0
output = [ 76 144 141 219 338  93  96 290   4  30 434 243 311  87  22 294]  lable = [ 76 144 141 219 338  93  96 290   4  30 434 397 311  87  22 294]

Fri Feb 11 16:35:01 2022 train epoch 11 iter 41 15.606785147837897 iters/s loss 0.19564273953437805 acc 0.9375
output = [ 97 397 183 123  33  24 488 377 128  35 480 452 331 134 307 191]  lable = [ 97 397 183 123  33  24 488 377 128  35 480 452 331 134 307 191]

Fri Feb 11 16:35:02 2022 train epoch 11 iter 57 16.082272846332494 iters/s loss 0.17944976687431335 acc 1.0
output = [292 160  34 370 443 252 477 136 349  79 241   5  57 451 181 145]  lable = [292 160  34 370 443 252 477 136 349  79 241   5  57 451 102 145]

Fri Feb 11 16:35:03 2022 train epoch 11 iter 73 14.761123324883284 iters/s loss 0.473942369222641 acc 0.9375
output = [343 390 308 193  99 198 222 416 171  68  63 296 364 442 181 253]  lable = [343 390 308 193  99 179 222 416 171  68  75 296 364 442 186 253]

Fri Feb 11 16:35:04 2022 train epoch 11 iter 89 16.701030076050575 iters/s loss 0.5771337747573853 acc 0.8125
output = [423 263 467 297  25  29 321 180 394 328 480 457 440 135 458 389]  lable = [414 263 467 297  25  29 321 180 394 433 480 457 440 135 458 389]

Fri Feb 11 16:35:05 2022 train epoch 11 iter 105 15.191077609136078 iters/s loss 0.9260939359664917 acc 0.875
output = [373 216  44 119 112 234 328 461 404 430 199 134 256 420 170 252]  lable = [373 424  44 119 414 234 328 461 170 430 199  19 256 420 170 252]

Fri Feb 11 16:35:06 2022 train epoch 11 iter 121 15.81435503981227 iters/s loss 0.7825480103492737 acc 0.75
output = [122  91 327  54 359 199 393 464 380 477 294 270 254 138  49 449]  lable = [122  91 143  54 359 199 393 464 380 477 294 270 254 495  49 449]

Fri Feb 11 16:35:07 2022 train epoch 11 iter 137 15.551663286770248 iters/s loss 0.5521662831306458 acc 0.875
output = [309  42  89 397 404   8  49 483 267 234 203  66 426 287 490 427]  lable = [309  42  89 397 404   8  49 483 267 234 203  66 426 287 490 427]

Fri Feb 11 16:35:08 2022 train epoch 12 iter 4 16.544235933525115 iters/s loss 0.1726393848657608 acc 1.0
output = [303  27 435 457 375  40 332  61 337 379 237 499  96 355 272 319]  lable = [303  27 435 457 375  40 332  61 337 379 237 499  96 355 272 319]

Fri Feb 11 16:35:09 2022 train epoch 12 iter 20 14.961629714910472 iters/s loss 0.1960807740688324 acc 1.0
output = [343 183 435 377 448 105 128 337 128 406 371 407 387 281  81 195]  lable = [343 183 435 327 448 105 128 337 128 406 371 407 387 281  81 195]

Fri Feb 11 16:35:10 2022 train epoch 12 iter 36 17.147897820204914 iters/s loss 0.5703172087669373 acc 0.9375
output = [390  63 432  64 266  64 250 235 164 198  25 244 299 256 221 380]  lable = [390  63 432  64 266  64 250 235 164 477  25 244 299 256 221 380]

Fri Feb 11 16:35:11 2022 train epoch 12 iter 52 16.47906036089041 iters/s loss 0.4315139353275299 acc 0.9375
output = [244 282  69  43 153 247 250 253 396 111 230 419 399 218 345 252]  lable = [244 282  69  43 153 247 250 253 396 111 230 425 399 218 345 252]

Fri Feb 11 16:35:12 2022 train epoch 12 iter 68 15.793914521256955 iters/s loss 0.44994255900382996 acc 0.9375
output = [291  12 265 375 443  49 485 317  53 338 485 387  56 486 384  75]  lable = [291  12 265 375 443  49 485 317  53 338 485 387  56 486 384  75]

Fri Feb 11 16:35:13 2022 train epoch 12 iter 84 16.311601339756646 iters/s loss 0.18796449899673462 acc 1.0
output = [259   1 415 115 166  63 155 405 221 295 466  97  25 267 245 308]  lable = [259   1 415 115 166  63 155 405 221 295 466  97  25 267 245 308]

Fri Feb 11 16:35:14 2022 train epoch 12 iter 100 15.61679810426408 iters/s loss 0.392248272895813 acc 1.0
output = [ 95 322 453 393 360 444 215 265 264  35 491 137  85 494 194 148]  lable = [ 95 322 453 393 360 444 215 265 264  35 491 137  85 494 194 148]

Fri Feb 11 16:35:15 2022 train epoch 12 iter 116 15.719071015519303 iters/s loss 0.22671951353549957 acc 1.0
output = [212 365  19 237 411 117  58 223 274 459 187 294 307 180 342 357]  lable = [212 365  19 237 411 117  58 223 274 459 187 294 307 180 342 348]

Fri Feb 11 16:35:16 2022 train epoch 12 iter 132 15.073259392028175 iters/s loss 0.48803579807281494 acc 0.9375
output = [356 275 287  44 371 101 358]  lable = [370 275 416 186  70 101 358]

Fri Feb 11 16:35:17 2022 train epoch 12 iter 148 12.905133834137667 iters/s loss 1.7983053922653198 acc 0.42857142857142855
output = [369 111 387 261 118  10 139 308  72  56 278  10 319  53 292 144]  lable = [369 111 387 261 118  10 303 308  72  56 278  10 319  53 292 144]

Fri Feb 11 16:35:18 2022 train epoch 13 iter 15 18.087316509409554 iters/s loss 0.44885411858558655 acc 0.9375
output = [ 17  53 123   6 397 471 287 125 452  65  84 368 450 386 430  43]  lable = [ 17  53 123   6 397 471 287 125 452  65  84 368 450 386 430  43]

Fri Feb 11 16:35:19 2022 train epoch 13 iter 31 17.363103543649242 iters/s loss 0.14034129679203033 acc 1.0
output = [276 244 347  38  75  80 234 380 181 151 337 193  82  36 248 188]  lable = [276 244 347  38  75  80 234 380 181 151 337 193  82  36 248 188]

Fri Feb 11 16:35:20 2022 train epoch 13 iter 47 16.66439388728461 iters/s loss 0.12249164283275604 acc 1.0
output = [332 186  29  89  72 258  36   5 484 493 192 272 414 164 455 243]  lable = [332 186  29  89  72 258  36   5 484 493 200 272 414 164 455 243]

Fri Feb 11 16:35:21 2022 train epoch 13 iter 63 16.606205297842816 iters/s loss 0.3460502624511719 acc 0.9375
output = [424 398 457 423  56 223 181   0 177 463 207 115 152  26  50  31]  lable = [424 398 457 423  56 223 181   0 177 463 207 115 152  26  50  31]

Fri Feb 11 16:35:23 2022 train epoch 13 iter 79 7.893304151176682 iters/s loss 0.18331292271614075 acc 1.0
output = [333 441 114   9  21  16  60 287 120 245 294 469 203 100 384 496]  lable = [333 441 114   9  21  16  60 287 120 245 294 469 203 100 384 496]

Fri Feb 11 16:35:24 2022 train epoch 13 iter 95 12.725728878412145 iters/s loss 0.10824426263570786 acc 1.0
output = [  3 132  48 108 308  89  13 143 493 453 201 202  41 287 187 324]  lable = [  3 132  48 108 308  89  13 143 493 453 201 202  41 287 187 324]

Fri Feb 11 16:35:25 2022 train epoch 13 iter 111 12.631650433720358 iters/s loss 0.18957102298736572 acc 1.0
output = [164 154 299  34 174 331 464 442  90  27  35 119  46 202 333 283]  lable = [164 154 299  34 174 331 464 442  90  27  35 119  46 202 333 283]

Fri Feb 11 16:35:27 2022 train epoch 13 iter 127 12.964582001548203 iters/s loss 0.17238488793373108 acc 1.0
output = [224 428 440 187 469 376 225  40 473 478 353 489 237 257   0 310]  lable = [196 428 440 187 469 376 225  40 473 478 353 489 237 257   0 310]

Fri Feb 11 16:35:28 2022 train epoch 13 iter 143 12.291068265942853 iters/s loss 0.19771893322467804 acc 0.9375
output = [407 225 427 132 304 346 127  72 102 439  43 189   0 335  61  37]  lable = [407 225 427 132 304 346 127  72 102 439  43 189   0 335  61  37]

Fri Feb 11 16:35:29 2022 train epoch 14 iter 10 17.03129741041731 iters/s loss 0.0938379317522049 acc 1.0
output = [410 409 306 138 195 142 274 310 309 240 393 351 252 413  21  11]  lable = [410 409 306 138 195 142 274 310 309 240 393 351 252 413  21  11]

Fri Feb 11 16:35:30 2022 train epoch 14 iter 26 18.375659492252574 iters/s loss 0.04286836087703705 acc 1.0
output = [162 205 111 146 419 316 408  84 263 250 100 170 447  91 265 417]  lable = [162 205 340 146 419 315 408  84 263 250 100 170 447  91 265 417]

Fri Feb 11 16:35:31 2022 train epoch 14 iter 42 18.04078830251078 iters/s loss 0.3939594328403473 acc 0.875
output = [126 280 366 419 156   6 241 179 400 422 245 313 435  87  63   5]  lable = [126 280 366 419 156   6 241 179 400 422 245 313 435  87  63   5]

Fri Feb 11 16:35:31 2022 train epoch 14 iter 58 18.674498345674685 iters/s loss 0.1262635439634323 acc 1.0
output = [194 298 305 484 253  50 488  44 351 112 143 266  60 350 498  29]  lable = [194 298 305 484 253  50 488  44 351 112 143 266  60 350 498  29]

Fri Feb 11 16:35:32 2022 train epoch 14 iter 74 17.297583529720463 iters/s loss 0.093000128865242 acc 1.0
output = [270  78 258 155 181   0 196 101 222   6 102 377 201 218 302 314]  lable = [270  78 258 155 181   0 196 101 222   6 102 377 201 218 302 314]

Fri Feb 11 16:35:33 2022 train epoch 14 iter 90 17.01032118899367 iters/s loss 0.08748199045658112 acc 1.0
output = [151 374  54  62 425 189 454 193 479 171 445 322 267 481  91  45]  lable = [151 374  54  62 425 189 454 193 479 171 445 322 267 481  91  45]

Fri Feb 11 16:35:34 2022 train epoch 14 iter 106 17.813432261359406 iters/s loss 0.08162032067775726 acc 1.0
output = [235   2 437 232 201 248 188 424  98 292 469 231  12 220 300  32]  lable = [235   2 437 232 201 248 188 424  98 292 469 231  12 220 300  32]

Fri Feb 11 16:35:35 2022 train epoch 14 iter 122 16.77467882982699 iters/s loss 0.09278309345245361 acc 1.0
output = [ 93 321 496 397 312 295 458  57 138 237 233  29  50 464  95  52]  lable = [ 93 321 496 397 312 295 458  57 138 237 233  29  50 464  95  52]

Fri Feb 11 16:35:36 2022 train epoch 14 iter 138 18.109827669025222 iters/s loss 0.20638124644756317 acc 1.0
output = [190 407 432  86 228  69 392 255 176 494  10 482 488 421 485 434]  lable = [190 407 432  86 228  69 392 255 176 494  10 482 488 421 485 434]

Fri Feb 11 16:35:37 2022 train epoch 15 iter 5 19.19569615538966 iters/s loss 0.11203347146511078 acc 1.0
output = [168 430 381 419 161 172 411  91 379 218  95 189 215 280 358 397]  lable = [168 430 381 419 161 172 411  91 379 218  95 189 215 280 358 397]

Fri Feb 11 16:35:38 2022 train epoch 15 iter 21 20.307766982358785 iters/s loss 0.06360210478305817 acc 1.0
output = [ 22 459 167 492 126 287 440 177 125 260   4 252  48 191 289 219]  lable = [ 22 459 167 492 126 287 440 177 125 260   4 252  48 191 289 219]

Fri Feb 11 16:35:38 2022 train epoch 15 iter 37 20.896026573993144 iters/s loss 0.14207732677459717 acc 1.0
output = [393 453 367 249 287  62 497 463 485 395 225   1 123 328 336 419]  lable = [393 453 367 249 287  62 497 463 485 395 225   1 123 328 336 419]

Fri Feb 11 16:35:39 2022 train epoch 15 iter 53 20.649681803048363 iters/s loss 0.1158287525177002 acc 1.0
output = [281  78  70 360  90  31  30  83 211  37 313 253 268 252 154 423]  lable = [281  78  70 360  90  31  30  83 211  37 313 253 268 252 154 423]

Fri Feb 11 16:35:40 2022 train epoch 15 iter 69 19.943394392872204 iters/s loss 0.07979865372180939 acc 1.0
output = [ 64 406 316  60  16 402  12 301 359 241 309 243 259  91 147 327]  lable = [ 64 406 316  60  16 402  12 301 359 241 309 243 259  91  77 327]

Fri Feb 11 16:35:41 2022 train epoch 15 iter 85 23.444734330435562 iters/s loss 0.32984426617622375 acc 0.9375
output = [129 239 163 285  97 109 148 186 427 318 319 381 102 124 293 396]  lable = [129 239 163 285  97 109 148 186 427 318 319 381 102 124 293 396]

Fri Feb 11 16:35:42 2022 train epoch 15 iter 101 9.09915535467443 iters/s loss 0.06449107825756073 acc 1.0
output = [447 392  85 386 196 348 111 245  16 122 186  55 441 333 226 437]  lable = [447 392  85 386 196 348 111 245  16 122 186  55 441 333 226 437]

Fri Feb 11 16:35:43 2022 train epoch 15 iter 117 14.516210908475808 iters/s loss 0.09147496521472931 acc 1.0
output = [180 409 422 435  60 108 291 120 291 487 465 255 132 365 450  15]  lable = [180 409 422 435  60 108 291 120 291 487 465 255 132 365 450  15]

Fri Feb 11 16:35:45 2022 train epoch 15 iter 133 14.191778991074528 iters/s loss 0.06331776082515717 acc 1.0
output = [309 351 171 338   5 306 208 288 238 330 127 145 398 297   7 343]  lable = [309 351 171 338   5 306 208 288 238 330 127 145 398 297   7 343]

Fri Feb 11 16:35:46 2022 train epoch 16 iter 0 15.909209528144439 iters/s loss 0.07392309606075287 acc 1.0
output = [115 103   4 394 333  74 187 499 456 465 164 454 215 239 263  79]  lable = [115 103   4 394 333  74 187 499 456 465 164 454 215 239 263  79]

Fri Feb 11 16:35:47 2022 train epoch 16 iter 16 17.21476806356361 iters/s loss 0.06588206440210342 acc 1.0
output = [417 453 489 461 402 148 342  38 224 223 114 200 142 345  39  85]  lable = [417 453 489 461 402 148 342  38 224 223 114 200 142 345  39  85]

Fri Feb 11 16:35:47 2022 train epoch 16 iter 32 17.46697369082022 iters/s loss 0.07458695024251938 acc 1.0
output = [302 138  55 112 116  71 446 168 426  88 230  23 304 419 340 211]  lable = [302 138  55 112 116  71 446 168 426  88 230  23 304 419 340 211]

Fri Feb 11 16:35:48 2022 train epoch 16 iter 48 17.199573014845807 iters/s loss 0.025892941281199455 acc 1.0
output = [356 204 214  91 483  99 151 456 182 365 361 397 467  35  11 272]  lable = [356 204 214  91 483  99 151 456 182 365 361 397 467  35  11 272]

Fri Feb 11 16:35:49 2022 train epoch 16 iter 64 16.327571021635187 iters/s loss 0.06070958822965622 acc 1.0
output = [305 479 114 401 167  50  75 189 420 255 350   1 159 108  62  55]  lable = [305 479 114 401 167  50  75 189 420 255 350   1 159 108  62  55]

Fri Feb 11 16:35:50 2022 train epoch 16 iter 80 18.03230984606042 iters/s loss 0.05509977415204048 acc 1.0
output = [473 406 302 152 470 174 242  15 407 424 133  96 281 170 294 487]  lable = [473 406 302 152 470 174 242  15 407 424 133  96 281 170 294 487]

Fri Feb 11 16:35:51 2022 train epoch 16 iter 96 15.900720579496419 iters/s loss 0.030838770791888237 acc 1.0
output = [420  25 189 349 100 112 383  35 221 286 141 172 143 439 389 196]  lable = [420  25 189 349 100 112 383  35 221 286 141 172 143 439 389 196]

Fri Feb 11 16:35:52 2022 train epoch 16 iter 112 16.01530010879897 iters/s loss 0.04492330551147461 acc 1.0
output = [210 416 450  69 455  49  51 173 132 386 276  28 491 393 186 211]  lable = [210 416 450  69 455  49  51 173 132 386 276  28 491 393 186 211]

Fri Feb 11 16:35:53 2022 train epoch 16 iter 128 14.418311716242135 iters/s loss 0.03219139948487282 acc 1.0
output = [142 210 334 385 233 229 243 400 421 483 429 298 384 253 275 336]  lable = [142 210 334 385 233 229 243 400 421 483 429 298 384 253 275 336]

Fri Feb 11 16:35:54 2022 train epoch 16 iter 144 15.273150503048424 iters/s loss 0.039322011172771454 acc 1.0
output = [433 287 326 394 319 405 205 153 237 184 201 239 249 130 470 398]  lable = [433 287 326 394 319 405 205 153 237 184 201 239 249 130 470 398]

Fri Feb 11 16:35:55 2022 train epoch 17 iter 11 20.178274206671603 iters/s loss 0.02659638598561287 acc 1.0
output = [169  84 127 361  10  25 194 190  45 272 178 208 436 188 165 474]  lable = [169  84 127 361  10  25 194 190  45 272 178 208 436 188 165 474]

Fri Feb 11 16:35:56 2022 train epoch 17 iter 27 18.948147943183393 iters/s loss 0.042290836572647095 acc 1.0
output = [ 66 106 414  43 482 248   7   5 271 343 238 126 418 172  98 269]  lable = [ 66 106 414  43 482 248   7   5 271 343 238 126 418 172  98 269]

Fri Feb 11 16:35:57 2022 train epoch 17 iter 43 19.11222864433594 iters/s loss 0.019238624721765518 acc 1.0
output = [469 337 293  18  42  81 291 426 482 409 264 354 397  69 274 387]  lable = [469 337 293  18  42  81 291 426 482 409 264 354 397  69 274 387]

Fri Feb 11 16:35:58 2022 train epoch 17 iter 59 19.066128567146666 iters/s loss 0.05673486739397049 acc 1.0
output = [ 57   0 493  90 447 126 119 328  99 424 434 414  85 186 153 386]  lable = [ 57   0 493  90 447 126 119 328  99 424 434 414  85 186 153 386]

Fri Feb 11 16:35:59 2022 train epoch 17 iter 75 19.7479610201432 iters/s loss 0.030937733128666878 acc 1.0
output = [432  20 321 438 278 268 179  28   7 136 129 295 466 441 111 424]  lable = [432  20 321 438 278 268 179  28   7 136 129 295 466 441 111 424]

Fri Feb 11 16:35:59 2022 train epoch 17 iter 91 21.17674248790387 iters/s loss 0.04874616861343384 acc 1.0
output = [287 222 122 489  52 323 225 249 239 408 418  31 199 460  94 391]  lable = [287 222 122 489  52 323 225 249 239 408 418  31 199 460  94 391]

Fri Feb 11 16:36:00 2022 train epoch 17 iter 107 22.52719152901495 iters/s loss 0.02256474271416664 acc 1.0
output = [395  76 307 496 180 394  85 443 469 377  70 465 420  62 338  25]  lable = [395  76 307 496 180 394  85 443 469 377  70 465 420  62 338  25]

Fri Feb 11 16:36:01 2022 train epoch 17 iter 123 19.05569604869436 iters/s loss 0.031246263533830643 acc 1.0
output = [207 473   9 442 215   8 227 292 282  30 316 271  17 456 348 305]  lable = [207 473   9 442 215   8 227 292 282  30 316 271  17 456 348 305]

Fri Feb 11 16:36:02 2022 train epoch 17 iter 139 18.854978011986923 iters/s loss 0.033193279057741165 acc 1.0
output = [105 450 197  74 491 228 158 351 226 203 157 276 259 383  14   1]  lable = [105 450 197  74 491 228 158 351 226 203 157 276 259 383  14   1]

Fri Feb 11 16:36:03 2022 train epoch 18 iter 6 19.728448928439875 iters/s loss 0.020176872611045837 acc 1.0
output = [ 11  91  44 335 194 352 476 467 413 358 490  26 240 440 220 213]  lable = [ 11  91  44 335 194 352 476 467 413 358 490  26 240 440 220 213]

Fri Feb 11 16:36:03 2022 train epoch 18 iter 22 19.24880600024495 iters/s loss 0.04163938760757446 acc 1.0
output = [ 50 480 288  98 305 196 118 433 145 424 434 204 331 307  34 314]  lable = [ 50 480 288  98 305 196 118 433 145 424 434 204 331 307  34 314]

Fri Feb 11 16:36:04 2022 train epoch 18 iter 38 19.701979831477843 iters/s loss 0.03340168669819832 acc 1.0
output = [415  85   9 105 425 129 301 327  37 216 118 107 195 358 322 453]  lable = [415  85   9 105 425 129 301 327  37 216 118 107 195 358 322 453]

Fri Feb 11 16:36:05 2022 train epoch 18 iter 54 20.418522600106005 iters/s loss 0.16436554491519928 acc 1.0
output = [186 187 218 199  94  69 128 326 342  29 443 275 424 115 264 162]  lable = [186 187 218 199  94  69 128 326 342  29 443 275 424 115 264 162]

Fri Feb 11 16:36:06 2022 train epoch 18 iter 70 18.185077415924773 iters/s loss 0.017001386731863022 acc 1.0
output = [351 463 311 487  94  75 233 120 428 294 231 233 320 290 354 218]  lable = [351 463 311 487  94  75 233 120 428 294 231 233 320 290 354 218]

Fri Feb 11 16:36:07 2022 train epoch 18 iter 86 18.690907976844162 iters/s loss 0.03870619833469391 acc 1.0
output = [  6 297 475 395  65 203 167  95 418 279  23 332 491 137 276 344]  lable = [  6 297 475 395  65 203 167  95 418 279  23 332 491 137 276 344]

Fri Feb 11 16:36:07 2022 train epoch 18 iter 102 19.734824865535668 iters/s loss 0.04589000344276428 acc 1.0
output = [426 433 439 232 130 424 300 294 387 316 208  53 181 498 238 375]  lable = [426 433 439 232 130 424 300 294 387 316 208  53 181 498 238 375]

Fri Feb 11 16:36:08 2022 train epoch 18 iter 118 18.542734667239177 iters/s loss 0.06396196782588959 acc 1.0
output = [115 332 185 375 155 321 376 178  72 445 264  63 141 318  13 359]  lable = [115 332 185 375 155 321 376 178  72 445 264  63 141 318  13 359]

Fri Feb 11 16:36:09 2022 train epoch 18 iter 134 19.245217936927038 iters/s loss 0.043729230761528015 acc 1.0
output = [421 344 283  35  94 436 120 478 284 450 158  44 288 380 138 236]  lable = [421 344 283  35  94 436 120 478 284 450 158  44 288 380 138 236]

Fri Feb 11 16:36:10 2022 train epoch 19 iter 1 19.71216520548613 iters/s loss 0.018960678949952126 acc 1.0
output = [226 196 240 148 124 359 334 483  93  38 110 350 447 139 416  72]  lable = [226 196 240 148 124 359 334 483  93  38 110 350 447 139 416  72]

Fri Feb 11 16:36:11 2022 train epoch 19 iter 17 20.815540051594628 iters/s loss 0.019015777856111526 acc 1.0
output = [357 459 308 396 227 484  25 226 364  91 499 475 331 192 325 157]  lable = [357 459 308 396 227 484  25 226 364  91 499 475 331 192 325 157]

Fri Feb 11 16:36:12 2022 train epoch 19 iter 33 20.428088168280862 iters/s loss 0.014866592362523079 acc 1.0
output = [442 176 273 469 348 281 437 471  81 474 396 108 481  51  32  97]  lable = [442 176 273 469 348 281 437 471  81 474 396 108 481  51  32  97]

Fri Feb 11 16:36:12 2022 train epoch 19 iter 49 20.040860036516733 iters/s loss 0.032690998166799545 acc 1.0
output = [318 110  17 484  52 413 493 467 368 164  83  32 266 138 275  87]  lable = [318 110  17 484  52 413 493 467 368 164  83  32 266 138 275  87]

Fri Feb 11 16:36:13 2022 train epoch 19 iter 65 19.673608979596384 iters/s loss 0.020614977926015854 acc 1.0
output = [143 318  27  52 172   8 133 428 414 321 461 385 217 354 396 146]  lable = [143 318  27  52 172   8 133 428 414 321 461 385 217 354 396 146]

Fri Feb 11 16:36:14 2022 train epoch 19 iter 81 19.767872760022918 iters/s loss 0.06465290486812592 acc 1.0
output = [ 15  77  27  31 349 427 138 129 493 293 364  40  95 151  22  39]  lable = [ 15  77  27  31 349 427 138 129 493 293 364  40  95 151  22  39]

Fri Feb 11 16:36:15 2022 train epoch 19 iter 97 20.25973229288745 iters/s loss 0.02094726637005806 acc 1.0
output = [168   4 296 171 370 485 250 382  87 347   1 167 210 369 341 122]  lable = [168   4 296 171 370 485 250 382  87 347   1 167 210 369 341 122]

Fri Feb 11 16:36:16 2022 train epoch 19 iter 113 21.00575281278709 iters/s loss 0.01731729507446289 acc 1.0
output = [288 439  45 278 108 489 285 391  14 110   4 357 378 131 375 412]  lable = [288 439  45 278 108 489 285 391  14 110   4 357 378 131 375 412]

Fri Feb 11 16:36:16 2022 train epoch 19 iter 129 19.20008972209896 iters/s loss 0.043712787330150604 acc 1.0
output = [247 370 304 232 146 353  57 299 498 315 119 487 333 109 414 289]  lable = [247 370 304 232 146 353  57 299 498 315 119 487 333 109 414 289]

Fri Feb 11 16:36:17 2022 train epoch 19 iter 145 18.72096722450198 iters/s loss 0.047006044536828995 acc 1.0
