!!!!!resnet50()



149 train iters per epoch:
1->x.shape = torch.Size([16, 1, 128, 128])
2->x.shape = torch.Size([16, 64, 128, 128])
3->x.shape = torch.Size([16, 256, 64, 64])
4->x.shape = torch.Size([16, 512, 32, 32])
5->x.shape = torch.Size([16, 1024, 16, 16])
6->x.shape = torch.Size([16, 2048, 8, 8])
7->x.shape = torch.Size([16, 131072])
Traceback (most recent call last):
  File "train.py", line 120, in <module>
    feature = model(data_input)     # feature.shape:torch.Size([16, 512])
  File "/home/zbwang/project/TBT/Ana/envs/pytorch36/lib/python3.6/site-packages/torch/nn/modules/module.py", line 1102, in _call_impl
    return forward_call(*input, **kwargs)
  File "/home/zbwang/project/TBT/Ana/envs/pytorch36/lib/python3.6/site-packages/torch/nn/parallel/data_parallel.py", line 166, in forward
    return self.module(*inputs[0], **kwargs[0])
  File "/home/zbwang/project/TBT/Ana/envs/pytorch36/lib/python3.6/site-packages/torch/nn/modules/module.py", line 1102, in _call_impl
    return forward_call(*input, **kwargs)
  File "/project/zbwang/TBT/Pytorch/arcface-pytorch-master/models/resnet.py", line 292, in forward
    x = self.fc5(x)
  File "/home/zbwang/project/TBT/Ana/envs/pytorch36/lib/python3.6/site-packages/torch/nn/modules/module.py", line 1102, in _call_impl
    return forward_call(*input, **kwargs)
  File "/home/zbwang/project/TBT/Ana/envs/pytorch36/lib/python3.6/site-packages/torch/nn/modules/linear.py", line 103, in forward
    return F.linear(input, self.weight, self.bias)
  File "/home/zbwang/project/TBT/Ana/envs/pytorch36/lib/python3.6/site-packages/torch/nn/functional.py", line 1848, in linear
    return torch._C._nn.linear(input, weight, bias)
RuntimeError: mat1 and mat2 shapes cannot be multiplied (16x131072 and 32768x512)
